2025-07-18 14:59:40,507 [INFO] Activator:176 - 


2025-07-18 14:59:40,508 [INFO] Activator:177 - !SESSION log4j initialized
2025-07-18 14:59:43,446 [INFO] LogOutputStream:77 - [STDOUT_REDIRECT] 
2025-07-18 14:59:47,407 [INFO] ApplicationProperties:184 - Using Application install path: D:\Program Files (x86)\STMicroelectronics\STM32Cube\STM32CubeIDE_1.19.0\STM32CubeIDE\plugins\com.st.stm32cube.common.mx_6.15.0.202507011659
2025-07-18 14:59:47,420 [INFO] DbMcusXml:78 - Set database path to: D:\Program Files (x86)\STMicroelectronics\STM32Cube\STM32CubeIDE_1.19.0\STM32CubeIDE\plugins\com.st.stm32cube.common.mx_6.15.0.202507011659\\db\/mcu/
2025-07-18 14:59:47,420 [INFO] ApiDb:274 - Set plugin database path to: D:\Program Files (x86)\STMicroelectronics\STM32Cube\STM32CubeIDE_1.19.0\STM32CubeIDE\plugins\com.st.stm32cube.common.mx_6.15.0.202507011659\\db\/plugins/boardmanager/
2025-07-18 14:59:47,421 [WARN] ApiDb:259 - Overriding images path with different value:  => D:\Program Files (x86)\STMicroelectronics\STM32Cube\STM32CubeIDE_1.19.0\STM32CubeIDE\plugins\com.st.stm32cube.common.mx_6.15.0.202507011659\\db\/plugins/mcufinder/images/
2025-07-18 14:59:48,389 [WARN] ApiFinderProperties:113 - C:\Users\10477\.stmcufinder\plugins\mcufinder\mcu\mcuFinder.mfd doesn't exist
2025-07-18 14:59:48,389 [INFO] ApiDb:250 - Set database path to: C:\Users\10477\.stmcufinder\plugins\mcufinder//mcu/
2025-07-18 14:59:48,390 [INFO] DbMcusAds:125 - Set database path to: C:\Users\10477\.stmcufinder\plugins\mcufinder//mcu/
2025-07-18 14:59:48,393 [INFO] CrossReferenceDbSqlite:203 - Set database path to: C:\Users\10477\.stmcufinder\plugins\mcufinder//mcu/cs/
2025-07-18 14:59:48,479 [INFO] RulesReader:64 - Compatibility file has been processed (317 Rules)
2025-07-18 14:59:48,552 [INFO] DbMcusXml:78 - Set database path to: D:\Program Files (x86)\STMicroelectronics\STM32Cube\STM32CubeIDE_1.19.0\STM32CubeIDE\plugins\com.st.stm32cube.common.mx_6.15.0.202507011659\\db\/mcu/
2025-07-18 14:59:48,552 [INFO] ApiDb:274 - Set plugin database path to: D:\Program Files (x86)\STMicroelectronics\STM32Cube\STM32CubeIDE_1.19.0\STM32CubeIDE\plugins\com.st.stm32cube.common.mx_6.15.0.202507011659\\db\/plugins/boardmanager/
2025-07-18 14:59:48,552 [INFO] ApiDb:261 - Set plugin images path to: D:\Program Files (x86)\STMicroelectronics\STM32Cube\STM32CubeIDE_1.19.0\STM32CubeIDE\plugins\com.st.stm32cube.common.mx_6.15.0.202507011659\\db\/plugins/mcufinder/images/
2025-07-18 14:59:48,552 [WARN] DbFile:41 - Overriding database path with different value: C:\Users\10477\.stmcufinder\plugins\mcufinder/ => C:\Users\10477\.stmcufinder\plugins\mcufinder
2025-07-18 14:59:48,552 [INFO] ApiDb:250 - Set database path to: C:\Users\10477\.stmcufinder\plugins\mcufinder//mcu/
2025-07-18 14:59:48,552 [WARN] DbFile:41 - Overriding database path with different value: C:\Users\10477\.stmcufinder\plugins\mcufinder/ => C:\Users\10477\.stmcufinder\plugins\mcufinder
2025-07-18 14:59:48,552 [INFO] DbMcusAds:125 - Set database path to: C:\Users\10477\.stmcufinder\plugins\mcufinder//mcu/
2025-07-18 14:59:48,552 [WARN] DbFile:41 - Overriding database path with different value: C:\Users\10477\.stmcufinder\plugins\mcufinder/ => C:\Users\10477\.stmcufinder\plugins\mcufinder
2025-07-18 14:59:48,552 [WARN] DbFile:41 - Overriding database path with different value: C:\Users\10477\.stmcufinder\plugins\mcufinder/ => C:\Users\10477\.stmcufinder\plugins\mcufinder
2025-07-18 14:59:48,552 [INFO] CrossReferenceDbSqlite:203 - Set database path to: C:\Users\10477\.stmcufinder\plugins\mcufinder//mcu/cs/
2025-07-18 14:59:48,601 [INFO] MainPanel:274 - HeapMemory: 268435456
2025-07-18 14:59:48,676 [INFO] DbMcusXml:78 - Set database path to: D:\Program Files (x86)\STMicroelectronics\STM32Cube\STM32CubeIDE_1.19.0\STM32CubeIDE\plugins\com.st.stm32cube.common.mx_6.15.0.202507011659\\db\/mcu/
2025-07-18 14:59:48,676 [INFO] ApiDb:274 - Set plugin database path to: D:\Program Files (x86)\STMicroelectronics\STM32Cube\STM32CubeIDE_1.19.0\STM32CubeIDE\plugins\com.st.stm32cube.common.mx_6.15.0.202507011659\\db\/plugins/boardmanager/
2025-07-18 14:59:48,676 [INFO] ApiDb:261 - Set plugin images path to: D:\Program Files (x86)\STMicroelectronics\STM32Cube\STM32CubeIDE_1.19.0\STM32CubeIDE\plugins\com.st.stm32cube.common.mx_6.15.0.202507011659\\db\/plugins/mcufinder/images/
2025-07-18 14:59:48,676 [WARN] DbFile:41 - Overriding database path with different value: C:\Users\10477\.stmcufinder\plugins\mcufinder/ => C:\Users\10477\.stmcufinder\plugins\mcufinder
2025-07-18 14:59:48,676 [INFO] ApiDb:250 - Set database path to: C:\Users\10477\.stmcufinder\plugins\mcufinder//mcu/
2025-07-18 14:59:48,676 [WARN] DbFile:41 - Overriding database path with different value: C:\Users\10477\.stmcufinder\plugins\mcufinder/ => C:\Users\10477\.stmcufinder\plugins\mcufinder
2025-07-18 14:59:48,676 [INFO] DbMcusAds:125 - Set database path to: C:\Users\10477\.stmcufinder\plugins\mcufinder//mcu/
2025-07-18 14:59:48,676 [WARN] DbFile:41 - Overriding database path with different value: C:\Users\10477\.stmcufinder\plugins\mcufinder/ => C:\Users\10477\.stmcufinder\plugins\mcufinder
2025-07-18 14:59:48,676 [WARN] DbFile:41 - Overriding database path with different value: C:\Users\10477\.stmcufinder\plugins\mcufinder/ => C:\Users\10477\.stmcufinder\plugins\mcufinder
2025-07-18 14:59:48,676 [INFO] CrossReferenceDbSqlite:203 - Set database path to: C:\Users\10477\.stmcufinder\plugins\mcufinder//mcu/cs/
2025-07-18 14:59:48,687 [INFO] ApplicationProperties:184 - Using Application install path: D:\Program Files (x86)\STMicroelectronics\STM32Cube\STM32CubeIDE_1.19.0\STM32CubeIDE\plugins\com.st.stm32cube.common.mx_6.15.0.202507011659
2025-07-18 14:59:48,688 [INFO] PluginManage:196 - Search for loadable plugins [exclusion list=, ]
2025-07-18 14:59:48,689 [INFO] PluginManage:310 - Check plugin analytics
2025-07-18 14:59:49,013 [INFO] AnalyticsPlugin:253 - Accepted Software Licenses: 
2025-07-18 14:59:49,013 [INFO] AnalyticsPlugin:255 - Accepted CMSIS Pack Licenses: 
2025-07-18 14:59:49,013 [INFO] AnalyticsPlugin:257 - Accepted Firmware Licenses: 
2025-07-18 14:59:49,017 [INFO] PluginManage:359 - Loaded plugin analytics (category:tool,tabindex:-1)
2025-07-18 14:59:49,017 [INFO] PluginManage:310 - Check plugin cadmodel
2025-07-18 14:59:49,036 [INFO] CADModel:105 - Init CAD model plugin
2025-07-18 14:59:49,036 [INFO] PluginManage:359 - Loaded plugin cadmodel (category:power,tabindex:5)
2025-07-18 14:59:49,036 [INFO] PluginManage:310 - Check plugin clock
2025-07-18 14:59:49,056 [INFO] PluginManage:359 - Loaded plugin clock (category:base,tabindex:2)
2025-07-18 14:59:49,057 [INFO] PluginManage:310 - Check plugin ddr
2025-07-18 14:59:49,061 [INFO] PluginManage:359 - Loaded plugin ddr (category:tool,tabindex:6)
2025-07-18 14:59:49,061 [INFO] PluginManage:310 - Check plugin filemanager
2025-07-18 14:59:49,175 [INFO] PluginManage:359 - Loaded plugin filemanager (category:base,tabindex:10)
2025-07-18 14:59:49,175 [INFO] PluginManage:310 - Check plugin ipmanager
2025-07-18 14:59:49,181 [INFO] PluginManage:359 - Loaded plugin ipmanager (category:base,tabindex:5)
2025-07-18 14:59:49,182 [INFO] PluginManage:310 - Check plugin lpbam
2025-07-18 14:59:49,200 [INFO] PluginManage:359 - Loaded plugin lpbam (category:base,tabindex:0)
2025-07-18 14:59:49,201 [INFO] PluginManage:310 - Check plugin memorymap
2025-07-18 14:59:49,221 [INFO] PluginManage:359 - Loaded plugin memorymap (category:base,tabindex:4)
2025-07-18 14:59:49,221 [INFO] PluginManage:310 - Check plugin pinoutandconfiguration
2025-07-18 14:59:49,237 [INFO] PluginManage:359 - Loaded plugin pinoutandconfiguration (category:base,tabindex:1)
2025-07-18 14:59:49,238 [INFO] PluginManage:310 - Check plugin pinoutconfig
2025-07-18 14:59:49,292 [WARN] SupportedApi:132 - Cannot load RTOS API schema: s4s-elt-must-match.1: The content of 'definitions' must match (annotation?, (simpleType | complexType)?, (unique | key | keyref)*)). A problem was found starting at: attribute.
2025-07-18 14:59:49,373 [INFO] PluginManage:359 - Loaded plugin pinoutconfig (category:base,tabindex:0)
2025-07-18 14:59:49,373 [INFO] PluginManage:310 - Check plugin power
2025-07-18 14:59:49,390 [INFO] PluginManage:359 - Loaded plugin power (category:power,tabindex:4)
2025-07-18 14:59:49,390 [INFO] PluginManage:310 - Check plugin projectmanager
2025-07-18 14:59:49,406 [INFO] PluginManage:359 - Loaded plugin projectmanager (category:projectmanager,tabindex:4)
2025-07-18 14:59:49,406 [INFO] PluginManage:310 - Check plugin rif
2025-07-18 14:59:49,425 [INFO] PluginManage:359 - Loaded plugin rif (category:base,tabindex:3)
2025-07-18 14:59:49,425 [INFO] PluginManage:310 - Check plugin thirdparty
2025-07-18 14:59:49,628 [INFO] PluginManage:359 - Loaded plugin thirdparty (category:base,tabindex:-1)
2025-07-18 14:59:49,628 [INFO] PluginManage:310 - Check plugin tools
2025-07-18 14:59:49,628 [WARN] IntegrityCheckThread:84 - waiting for thirdparty lock release [integrity check]
2025-07-18 14:59:49,628 [INFO] IntegrityCheckThread:86 - entering critical section [integrity check]
2025-07-18 14:59:49,628 [INFO] ThirdPartyUpdaterWithRetryManager:70 - Updater plugin not ready yet. [1/15]
2025-07-18 14:59:49,656 [INFO] PluginManage:359 - Loaded plugin tools (category:base,tabindex:7)
2025-07-18 14:59:49,657 [INFO] PluginManage:310 - Check plugin tutovideos
2025-07-18 14:59:49,798 [INFO] PluginManage:359 - Loaded plugin tutovideos (category:base,tabindex:-1)
2025-07-18 14:59:49,798 [INFO] PluginManage:310 - Check plugin updater
2025-07-18 14:59:49,811 [INFO] PluginManage:359 - Loaded plugin updater (category:base,tabindex:12)
2025-07-18 14:59:49,811 [INFO] PluginManage:310 - Check plugin userauth
2025-07-18 14:59:49,813 [INFO] UserAuth:118 - Init User Auth plugin
2025-07-18 14:59:49,814 [INFO] PluginManage:359 - Loaded plugin userauth (category:base,tabindex:14)
2025-07-18 14:59:49,814 [INFO] PluginManage:283 - PluginManage : Loaded plugins [18]
2025-07-18 14:59:49,941 [INFO] PinOutPanel:1589 - setPackage(No Configuration,No Configuration)
2025-07-18 14:59:49,990 [INFO] CADModel:165 - CPN selected for project level
2025-07-18 14:59:49,991 [INFO] CADModel:114 - Register for checkConnection events
2025-07-18 14:59:50,014 [INFO] IPUIPlugin:80 - create IPUIPlugin
2025-07-18 14:59:50,014 [INFO] PluginManager:220 - loadIPPluginJar : add adc
2025-07-18 14:59:50,049 [INFO] IPUIPlugin:80 - create IPUIPlugin
2025-07-18 14:59:50,049 [INFO] PluginManager:220 - loadIPPluginJar : add aes
2025-07-18 14:59:50,085 [INFO] IPUIPlugin:80 - create IPUIPlugin
2025-07-18 14:59:50,085 [INFO] PluginManager:220 - loadIPPluginJar : add can
2025-07-18 14:59:50,107 [INFO] IPUIPlugin:80 - create IPUIPlugin
2025-07-18 14:59:50,107 [INFO] PluginManager:220 - loadIPPluginJar : add comp
2025-07-18 14:59:50,134 [INFO] IPUIPlugin:80 - create IPUIPlugin
2025-07-18 14:59:50,134 [INFO] PluginManager:220 - loadIPPluginJar : add cryp
2025-07-18 14:59:50,145 [INFO] IPUIPlugin:80 - create IPUIPlugin
2025-07-18 14:59:50,145 [INFO] PluginManager:220 - loadIPPluginJar : add ddr_ctrl_phy
2025-07-18 14:59:50,170 [INFO] IPUIPlugin:80 - create IPUIPlugin
2025-07-18 14:59:50,170 [INFO] PluginManager:220 - loadIPPluginJar : add dfsdm
2025-07-18 14:59:50,181 [INFO] IPUIPlugin:80 - create IPUIPlugin
2025-07-18 14:59:50,182 [INFO] PluginManager:220 - loadIPPluginJar : add dma
2025-07-18 14:59:50,218 [INFO] IPUIPlugin:80 - create IPUIPlugin
2025-07-18 14:59:50,218 [INFO] PluginManager:220 - loadIPPluginJar : add dma3
2025-07-18 14:59:50,255 [INFO] IPUIPlugin:80 - create IPUIPlugin
2025-07-18 14:59:50,255 [INFO] PluginManager:220 - loadIPPluginJar : add extmemmanager
2025-07-18 14:59:50,300 [INFO] IPUIPlugin:80 - create IPUIPlugin
2025-07-18 14:59:50,300 [INFO] PluginManager:220 - loadIPPluginJar : add fatfs
2025-07-18 14:59:50,336 [INFO] IPUIPlugin:80 - create IPUIPlugin
2025-07-18 14:59:50,337 [INFO] PluginManager:220 - loadIPPluginJar : add fmc
2025-07-18 14:59:50,348 [INFO] IPUIPlugin:80 - create IPUIPlugin
2025-07-18 14:59:50,349 [INFO] PluginManager:220 - loadIPPluginJar : add freertos
2025-07-18 14:59:50,367 [INFO] IPUIPlugin:80 - create IPUIPlugin
2025-07-18 14:59:50,367 [INFO] PluginManager:220 - loadIPPluginJar : add genericplugin
2025-07-18 14:59:50,535 [INFO] IPUIPlugin:80 - create IPUIPlugin
2025-07-18 14:59:50,535 [INFO] PluginManager:220 - loadIPPluginJar : add gfxmmu
2025-07-18 14:59:50,868 [INFO] IPUIPlugin:80 - create IPUIPlugin
2025-07-18 14:59:50,868 [INFO] PluginManager:220 - loadIPPluginJar : add gic
2025-07-18 14:59:50,879 [INFO] IPUIPlugin:80 - create IPUIPlugin
2025-07-18 14:59:50,879 [INFO] PluginManager:220 - loadIPPluginJar : add gpio
2025-07-18 14:59:51,010 [INFO] IPUIPlugin:80 - create IPUIPlugin
2025-07-18 14:59:51,010 [INFO] PluginManager:220 - loadIPPluginJar : add gtzc
2025-07-18 14:59:51,089 [INFO] IPUIPlugin:80 - create IPUIPlugin
2025-07-18 14:59:51,089 [INFO] PluginManager:220 - loadIPPluginJar : add hash
2025-07-18 14:59:51,218 [INFO] IPUIPlugin:80 - create IPUIPlugin
2025-07-18 14:59:51,218 [INFO] PluginManager:220 - loadIPPluginJar : add i2c
2025-07-18 14:59:51,246 [INFO] IPUIPlugin:80 - create IPUIPlugin
2025-07-18 14:59:51,246 [INFO] PluginManager:220 - loadIPPluginJar : add i2s
2025-07-18 14:59:51,352 [INFO] IPUIPlugin:80 - create IPUIPlugin
2025-07-18 14:59:51,352 [INFO] PluginManager:220 - loadIPPluginJar : add i3c
2025-07-18 14:59:51,477 [INFO] IPUIPlugin:80 - create IPUIPlugin
2025-07-18 14:59:51,477 [INFO] PluginManager:220 - loadIPPluginJar : add ipddr
2025-07-18 14:59:51,600 [INFO] IPUIPlugin:80 - create IPUIPlugin
2025-07-18 14:59:51,600 [INFO] PluginManager:220 - loadIPPluginJar : add linkedlist
2025-07-18 14:59:51,625 [INFO] IPUIPlugin:80 - create IPUIPlugin
2025-07-18 14:59:51,625 [INFO] PluginManager:220 - loadIPPluginJar : add lorawan
2025-07-18 14:59:51,712 [INFO] IPUIPlugin:80 - create IPUIPlugin
2025-07-18 14:59:51,712 [INFO] PluginManager:220 - loadIPPluginJar : add ltdc
2025-07-18 14:59:51,736 [INFO] IPUIPlugin:80 - create IPUIPlugin
2025-07-18 14:59:51,737 [INFO] PluginManager:220 - loadIPPluginJar : add mdma
2025-07-18 14:59:51,758 [INFO] IPUIPlugin:80 - create IPUIPlugin
2025-07-18 14:59:51,758 [INFO] PluginManager:220 - loadIPPluginJar : add nvic
2025-07-18 14:59:51,784 [INFO] IPUIPlugin:80 - create IPUIPlugin
2025-07-18 14:59:51,784 [INFO] PluginManager:220 - loadIPPluginJar : add opamp
2025-07-18 14:59:51,934 [INFO] IPUIPlugin:80 - create IPUIPlugin
2025-07-18 14:59:51,935 [INFO] PluginManager:220 - loadIPPluginJar : add openamp
2025-07-18 14:59:52,039 [INFO] IPUIPlugin:80 - create IPUIPlugin
2025-07-18 14:59:52,039 [INFO] PluginManager:220 - loadIPPluginJar : add pdm2pcm
2025-07-18 14:59:52,052 [INFO] IPUIPlugin:80 - create IPUIPlugin
2025-07-18 14:59:52,053 [INFO] PluginManager:220 - loadIPPluginJar : add plateformsettings
2025-07-18 14:59:52,071 [INFO] IPUIPlugin:80 - create IPUIPlugin
2025-07-18 14:59:52,071 [INFO] PluginManager:220 - loadIPPluginJar : add quadspi
2025-07-18 14:59:52,088 [INFO] IPUIPlugin:80 - create IPUIPlugin
2025-07-18 14:59:52,089 [INFO] PluginManager:220 - loadIPPluginJar : add radio
2025-07-18 14:59:52,098 [INFO] IPUIPlugin:80 - create IPUIPlugin
2025-07-18 14:59:52,098 [INFO] PluginManager:220 - loadIPPluginJar : add resmgrutility
2025-07-18 14:59:52,130 [INFO] IPUIPlugin:80 - create IPUIPlugin
2025-07-18 14:59:52,130 [INFO] PluginManager:220 - loadIPPluginJar : add sai
2025-07-18 14:59:52,158 [INFO] IPUIPlugin:80 - create IPUIPlugin
2025-07-18 14:59:52,158 [INFO] PluginManager:220 - loadIPPluginJar : add spi
2025-07-18 14:59:52,338 [INFO] IPUIPlugin:80 - create IPUIPlugin
2025-07-18 14:59:52,338 [INFO] PluginManager:220 - loadIPPluginJar : add stm32_wpan
2025-07-18 14:59:52,397 [INFO] IPUIPlugin:80 - create IPUIPlugin
2025-07-18 14:59:52,397 [INFO] PluginManager:220 - loadIPPluginJar : add tim
2025-07-18 14:59:52,542 [INFO] IPUIPlugin:80 - create IPUIPlugin
2025-07-18 14:59:52,542 [INFO] PluginManager:220 - loadIPPluginJar : add touchsensing
2025-07-18 14:59:52,561 [INFO] IPUIPlugin:80 - create IPUIPlugin
2025-07-18 14:59:52,561 [INFO] PluginManager:220 - loadIPPluginJar : add tracer_emb
2025-07-18 14:59:52,580 [INFO] IPUIPlugin:80 - create IPUIPlugin
2025-07-18 14:59:52,580 [INFO] PluginManager:220 - loadIPPluginJar : add ts
2025-07-18 14:59:52,598 [INFO] IPUIPlugin:80 - create IPUIPlugin
2025-07-18 14:59:52,598 [INFO] PluginManager:220 - loadIPPluginJar : add tsc
2025-07-18 14:59:52,615 [INFO] IPUIPlugin:80 - create IPUIPlugin
2025-07-18 14:59:52,615 [INFO] PluginManager:220 - loadIPPluginJar : add ucpd
2025-07-18 14:59:52,630 [INFO] ThirdPartyUpdaterWithRetryManager:70 - Updater plugin not ready yet. [2/15]
2025-07-18 14:59:52,650 [INFO] IPUIPlugin:80 - create IPUIPlugin
2025-07-18 14:59:52,650 [INFO] PluginManager:220 - loadIPPluginJar : add usart
2025-07-18 14:59:52,754 [INFO] IPUIPlugin:80 - create IPUIPlugin
2025-07-18 14:59:52,754 [INFO] PluginManager:220 - loadIPPluginJar : add usbx
2025-07-18 14:59:52,866 [FATAL] Updater:351 - Updater called before beeing initialized
2025-07-18 14:59:52,884 [INFO] RulesReader:64 - Compatibility file has been processed (317 Rules)
2025-07-18 14:59:52,893 [INFO] RulesReader:64 - Compatibility file has been processed (317 Rules)
2025-07-18 14:59:52,901 [INFO] CADModel:165 - CPN selected for project level
2025-07-18 14:59:52,901 [INFO] CADModel:114 - Register for checkConnection events
2025-07-18 14:59:52,902 [FATAL] Updater:351 - Updater called before beeing initialized
2025-07-18 14:59:52,902 [ERROR] CADModel:125 - Updater not yet initialized, retry later 
2025-07-18 14:59:53,087 [FATAL] Updater:351 - Updater called before beeing initialized
2025-07-18 14:59:53,089 [INFO] CADModel:165 - CPN selected for project level
2025-07-18 14:59:53,089 [INFO] CADModel:114 - Register for checkConnection events
2025-07-18 14:59:53,089 [FATAL] Updater:351 - Updater called before beeing initialized
2025-07-18 14:59:53,089 [ERROR] CADModel:125 - Updater not yet initialized, retry later 
2025-07-18 14:59:53,090 [FATAL] Updater:351 - Updater called before beeing initialized
2025-07-18 14:59:53,188 [FATAL] Updater:351 - Updater called before beeing initialized
2025-07-18 14:59:53,211 [INFO] DbMcusAds:53 - JSON generation date=Thu Sep 30 14:55:09 GMT+08:00 2021 (1632984909247)
2025-07-18 14:59:53,211 [FATAL] Updater:351 - Updater called before beeing initialized
2025-07-18 14:59:53,277 [WARN] DetailPanel:346 - Failed to get advertising image, set to default
2025-07-18 14:59:53,331 [FATAL] Updater:351 - Updater called before beeing initialized
2025-07-18 14:59:53,333 [FATAL] Updater:351 - Updater called before beeing initialized
2025-07-18 14:59:53,333 [FATAL] Updater:351 - Updater called before beeing initialized
2025-07-18 14:59:53,333 [WARN] DetailPanel:346 - Failed to get advertising image, set to default
2025-07-18 14:59:53,333 [FATAL] Updater:351 - Updater called before beeing initialized
2025-07-18 14:59:53,380 [ERROR] Updater:1198 - MainUpdater not yet initialized. External WinMGr cannot be set.
2025-07-18 14:59:53,388 [INFO] Updater:1134 - Updater Version found : 6.15.0
2025-07-18 14:59:53,398 [INFO] ApplicationProperties:184 - Using Application install path: D:\Program Files (x86)\STMicroelectronics\STM32Cube\STM32CubeIDE_1.19.0\STM32CubeIDE\plugins\com.st.stm32cube.common.mx_6.15.0.202507011659
2025-07-18 14:59:54,964 [ERROR] LogOutputStream:75 - [STDERR_REDIRECT] Jul 18, 2025 2:59:54 PM java.util.prefs.WindowsPreferences <init>
2025-07-18 14:59:54,964 [ERROR] LogOutputStream:75 - [STDERR_REDIRECT] WARNING: Could not open/create prefs root node Software\JavaSoft\Prefs at root 0xffffffff80000002. Windows RegCreateKeyEx(...) returned error code 5.
2025-07-18 14:59:54,965 [ERROR] LogOutputStream:75 - [STDERR_REDIRECT] 
2025-07-18 14:59:54,984 [INFO] MainUpdater:525 - Copy updater definitions from MX database
2025-07-18 14:59:55,026 [INFO] MainUpdater:558 - Copy flag file definitions from MX database
2025-07-18 14:59:55,027 [INFO] MainUpdater:574 - Copy thirdparty index definitions from MX database
2025-07-18 14:59:55,029 [INFO] MainUpdater:593 - Copy default thirdparty db definitions from MX database
2025-07-18 14:59:55,254 [INFO] MainUpdater:2872 - connection check result : 10
2025-07-18 14:59:55,255 [INFO] MainUpdater:3604 - Updater definition file requires update
2025-07-18 14:59:55,255 [INFO] MainUpdater:289 - Updater Check For Update Now.
2025-07-18 14:59:55,255 [INFO] MicroXplorer:498 - Change Database Version : DB.6.0.150
2025-07-18 14:59:55,268 [INFO] McuFinderGlobals:63 - Set McuFinder mode to 2 (CubeIDE integrated)
2025-07-18 14:59:55,268 [INFO] UserAuth:171 - activating auth plugin
2025-07-18 14:59:55,270 [INFO] UserAuth:487 - Internet connection configuration mode: 1
2025-07-18 14:59:55,288 [INFO] JxBrowserEngine:152 - Initiate JxBrowser Engine with user profile folder
2025-07-18 14:59:55,396 [INFO] ServerAccessManage:452 - Complete download http(s) 200
2025-07-18 14:59:55,398 [INFO] ServerAccessManage:509 - Download File updaters.zip
2025-07-18 14:59:55,478 [INFO] FileExtend:248 - Unzip File : updaters.zip
2025-07-18 14:59:55,478 [INFO] FileExtend:263 - Standard Zip Deflate
2025-07-18 14:59:55,631 [WARN] MainUpdater:1193 - Updater busy. Cannot search thirdparties
2025-07-18 14:59:55,631 [INFO] ThirdPartyUpdaterWithRetryManager:96 - Updater plugin is busy. [1/15]
2025-07-18 14:59:55,937 [INFO] ServerAccessManage:452 - Complete download http(s) 200
2025-07-18 14:59:55,937 [INFO] ServerAccessManage:509 - Download File PacksControlFlags.xml
2025-07-18 14:59:56,009 [INFO] ServerAccessManage:452 - Complete download http(s) 200
2025-07-18 14:59:56,009 [INFO] ServerAccessManage:509 - Download File cubemx.pidx
2025-07-18 14:59:56,176 [INFO] ServerAccessManage:452 - Complete download http(s) 200
2025-07-18 14:59:56,176 [INFO] ServerAccessManage:509 - Download File STMicroelectronics.FP-ATR-ASTRA1.pdsc
2025-07-18 14:59:56,394 [INFO] ServerAccessManage:452 - Complete download http(s) 200
2025-07-18 14:59:56,394 [INFO] ServerAccessManage:509 - Download File STMicroelectronics.FP-ATR-SIGFOX1.pdsc
2025-07-18 14:59:56,474 [INFO] ServerAccessManage:452 - Complete download http(s) 200
2025-07-18 14:59:56,474 [INFO] ServerAccessManage:509 - Download File STMicroelectronics.FP-SNS-STBOX1.pdsc
2025-07-18 14:59:56,566 [INFO] ServerAccessManage:452 - Complete download http(s) 200
2025-07-18 14:59:56,567 [INFO] ServerAccessManage:509 - Download File STMicroelectronics.FP-SNS-FLIGHT1.pdsc
2025-07-18 14:59:56,752 [INFO] ServerAccessManage:452 - Complete download http(s) 200
2025-07-18 14:59:56,752 [INFO] ServerAccessManage:509 - Download File STMicroelectronics.FP-SNS-MOTENV1.pdsc
2025-07-18 14:59:56,940 [INFO] ServerAccessManage:452 - Complete download http(s) 200
2025-07-18 14:59:56,941 [INFO] ServerAccessManage:509 - Download File STMicroelectronics.FP-SNS-MOTENVWB1.pdsc
2025-07-18 14:59:57,091 [INFO] ServerAccessManage:452 - Complete download http(s) 200
2025-07-18 14:59:57,091 [INFO] ServerAccessManage:509 - Download File STMicroelectronics.FP-SNS-SMARTAG2.pdsc
2025-07-18 14:59:57,176 [INFO] ServerAccessManage:452 - Complete download http(s) 200
2025-07-18 14:59:57,176 [INFO] ServerAccessManage:509 - Download File STMicroelectronics.FP-SNS-STAIOTCFT.pdsc
2025-07-18 14:59:57,264 [INFO] ServerAccessManage:452 - Complete download http(s) 200
2025-07-18 14:59:57,264 [INFO] ServerAccessManage:509 - Download File STMicroelectronics.X-CUBE-AI.pdsc
2025-07-18 14:59:57,977 [INFO] ServerAccessManage:452 - Complete download http(s) 200
2025-07-18 14:59:57,977 [INFO] ServerAccessManage:509 - Download File STMicroelectronics.X-CUBE-ALS.pdsc
2025-07-18 14:59:58,148 [INFO] ServerAccessManage:452 - Complete download http(s) 200
2025-07-18 14:59:58,149 [INFO] ServerAccessManage:509 - Download File STMicroelectronics.X-CUBE-BLE1.pdsc
2025-07-18 14:59:58,632 [WARN] MainUpdater:1193 - Updater busy. Cannot search thirdparties
2025-07-18 14:59:58,632 [INFO] ThirdPartyUpdaterWithRetryManager:96 - Updater plugin is busy. [2/15]
2025-07-18 14:59:59,524 [ERROR] ServerAccessManage:1212 - Problem, file not found on Server
2025-07-18 14:59:59,558 [INFO] ServerAccessManage:452 - Complete download http(s) 200
2025-07-18 14:59:59,558 [INFO] ServerAccessManage:509 - Download File STMicroelectronics.X-CUBE-BLE2.pdsc
2025-07-18 14:59:59,874 [INFO] ServerAccessManage:452 - Complete download http(s) 200
2025-07-18 14:59:59,874 [INFO] ServerAccessManage:509 - Download File STMicroelectronics.X-CUBE-BLEMGR.pdsc
2025-07-18 15:00:00,471 [INFO] WebApp:169 - Instantiating new browser for Auth
2025-07-18 15:00:00,875 [ERROR] ServerAccessManage:1212 - Problem, file not found on Server
2025-07-18 15:00:01,175 [INFO] ServerAccessManage:452 - Complete download http(s) 200
2025-07-18 15:00:01,175 [INFO] ServerAccessManage:509 - Download File STMicroelectronics.X-CUBE-DISPLAY.pdsc
2025-07-18 15:00:01,433 [INFO] ServerAccessManage:452 - Complete download http(s) 200
2025-07-18 15:00:01,433 [INFO] ServerAccessManage:509 - Download File STMicroelectronics.X-CUBE-DPOWER.pdsc
2025-07-18 15:00:01,633 [WARN] MainUpdater:1193 - Updater busy. Cannot search thirdparties
2025-07-18 15:00:01,633 [INFO] ThirdPartyUpdaterWithRetryManager:96 - Updater plugin is busy. [3/15]
2025-07-18 15:00:02,409 [ERROR] ServerAccessManage:1212 - Problem, file not found on Server
2025-07-18 15:00:02,600 [INFO] WebApp:463 - Apply proxy settings
2025-07-18 15:00:02,600 [INFO] WebApp:548 - Chromium requires no authentication
2025-07-18 15:00:02,606 [INFO] WebApp:491 - Direct internet connection detected
2025-07-18 15:00:02,620 [INFO] WebApp:900 - Register for checkConnection events
2025-07-18 15:00:02,620 [INFO] WebApp:463 - Apply proxy settings
2025-07-18 15:00:02,620 [INFO] WebApp:548 - Chromium requires no authentication
2025-07-18 15:00:02,621 [INFO] WebApp:491 - Direct internet connection detected
2025-07-18 15:00:02,728 [INFO] WebApp:225 - Starting web application
2025-07-18 15:00:02,728 [INFO] WebApp:593 - Web application path used D:\Program Files (x86)\STMicroelectronics\STM32Cube\STM32CubeIDE_1.19.0\STM32CubeIDE\plugins\com.st.stm32cube.common.mx_6.15.0.202507011659\db\plugins\mcufinder\reactClient1\index.html
2025-07-18 15:00:03,332 [ERROR] ServerAccessManage:1212 - Problem, file not found on Server
2025-07-18 15:00:04,216 [ERROR] ServerAccessManage:1212 - Problem, file not found on Server
2025-07-18 15:00:04,634 [WARN] MainUpdater:1193 - Updater busy. Cannot search thirdparties
2025-07-18 15:00:04,634 [INFO] ThirdPartyUpdaterWithRetryManager:96 - Updater plugin is busy. [4/15]
2025-07-18 15:00:05,124 [ERROR] ServerAccessManage:1212 - Problem, file not found on Server
2025-07-18 15:00:06,050 [ERROR] ServerAccessManage:1212 - Problem, file not found on Server
2025-07-18 15:00:06,415 [ERROR] ServerAccessManage:1212 - Problem, file not found on Server
2025-07-18 15:00:06,781 [ERROR] ServerAccessManage:1212 - Problem, file not found on Server
2025-07-18 15:00:07,634 [WARN] MainUpdater:1193 - Updater busy. Cannot search thirdparties
2025-07-18 15:00:07,634 [INFO] ThirdPartyUpdaterWithRetryManager:96 - Updater plugin is busy. [5/15]
2025-07-18 15:00:07,683 [ERROR] ServerAccessManage:1212 - Problem, file not found on Server
2025-07-18 15:00:08,573 [ERROR] ServerAccessManage:1212 - Problem, file not found on Server
2025-07-18 15:00:09,474 [ERROR] ServerAccessManage:1212 - Problem, file not found on Server
2025-07-18 15:00:10,361 [ERROR] ServerAccessManage:1212 - Problem, file not found on Server
2025-07-18 15:00:10,393 [INFO] ServerAccessManage:452 - Complete download http(s) 200
2025-07-18 15:00:10,394 [INFO] ServerAccessManage:509 - Download File STMicroelectronics.X-CUBE-EEPRMA1.pdsc
2025-07-18 15:00:10,519 [ERROR] ServerAccessManage:1212 - Problem, file not found on Server
2025-07-18 15:00:10,626 [ERROR] ServerAccessManage:1212 - Problem, file not found on Server
2025-07-18 15:00:10,635 [WARN] MainUpdater:1193 - Updater busy. Cannot search thirdparties
2025-07-18 15:00:10,635 [INFO] ThirdPartyUpdaterWithRetryManager:96 - Updater plugin is busy. [6/15]
2025-07-18 15:00:10,758 [INFO] ServerAccessManage:452 - Complete download http(s) 200
2025-07-18 15:00:10,759 [INFO] ServerAccessManage:509 - Download File STMicroelectronics.X-CUBE-FREERTOS.pdsc
2025-07-18 15:00:11,004 [INFO] ServerAccessManage:452 - Complete download http(s) 200
2025-07-18 15:00:11,004 [INFO] ServerAccessManage:509 - Download File STMicroelectronics.X-CUBE-GNSS1.pdsc
2025-07-18 15:00:12,294 [ERROR] ServerAccessManage:1212 - Problem, file not found on Server
2025-07-18 15:00:13,197 [ERROR] ServerAccessManage:1212 - Problem, file not found on Server
2025-07-18 15:00:13,636 [WARN] MainUpdater:1193 - Updater busy. Cannot search thirdparties
2025-07-18 15:00:13,636 [INFO] ThirdPartyUpdaterWithRetryManager:96 - Updater plugin is busy. [7/15]
2025-07-18 15:00:14,091 [ERROR] ServerAccessManage:1212 - Problem, file not found on Server
2025-07-18 15:00:14,984 [ERROR] ServerAccessManage:1212 - Problem, file not found on Server
2025-07-18 15:00:15,873 [ERROR] ServerAccessManage:1212 - Problem, file not found on Server
2025-07-18 15:00:16,242 [ERROR] ServerAccessManage:1212 - Problem, file not found on Server
2025-07-18 15:00:16,273 [INFO] ServerAccessManage:452 - Complete download http(s) 200
2025-07-18 15:00:16,273 [INFO] ServerAccessManage:509 - Download File STMicroelectronics.X-CUBE-ISPU.pdsc
2025-07-18 15:00:16,462 [INFO] ServerAccessManage:452 - Complete download http(s) 200
2025-07-18 15:00:16,462 [INFO] ServerAccessManage:509 - Download File STMicroelectronics.X-CUBE-IPS.pdsc
2025-07-18 15:00:16,585 [INFO] ServerAccessManage:452 - Complete download http(s) 200
2025-07-18 15:00:16,585 [INFO] ServerAccessManage:509 - Download File STMicroelectronics.X-CUBE-MEMS1.pdsc
2025-07-18 15:00:16,636 [WARN] MainUpdater:1193 - Updater busy. Cannot search thirdparties
2025-07-18 15:00:16,636 [INFO] ThirdPartyUpdaterWithRetryManager:96 - Updater plugin is busy. [8/15]
2025-07-18 15:00:17,549 [INFO] ServerAccessManage:452 - Complete download http(s) 200
2025-07-18 15:00:17,549 [INFO] ServerAccessManage:509 - Download File STMicroelectronics.X-CUBE-NFC4.pdsc
2025-07-18 15:00:18,023 [INFO] ServerAccessManage:452 - Complete download http(s) 200
2025-07-18 15:00:18,023 [INFO] ServerAccessManage:509 - Download File STMicroelectronics.X-CUBE-NFC6.pdsc
2025-07-18 15:00:18,138 [INFO] ServerAccessManage:452 - Complete download http(s) 200
2025-07-18 15:00:18,138 [INFO] ServerAccessManage:509 - Download File STMicroelectronics.X-CUBE-NFC7.pdsc
2025-07-18 15:00:18,293 [INFO] ServerAccessManage:452 - Complete download http(s) 200
2025-07-18 15:00:18,293 [INFO] ServerAccessManage:509 - Download File STMicroelectronics.X-CUBE-NFC9.pdsc
2025-07-18 15:00:18,377 [INFO] ServerAccessManage:452 - Complete download http(s) 200
2025-07-18 15:00:18,377 [INFO] ServerAccessManage:509 - Download File STMicroelectronics.X-CUBE-NFC10.pdsc
2025-07-18 15:00:18,457 [INFO] ServerAccessManage:452 - Complete download http(s) 200
2025-07-18 15:00:18,457 [INFO] ServerAccessManage:509 - Download File STMicroelectronics.X-CUBE-NFC12.pdsc
2025-07-18 15:00:18,549 [INFO] ServerAccessManage:452 - Complete download http(s) 200
2025-07-18 15:00:18,549 [INFO] ServerAccessManage:509 - Download File STMicroelectronics.X-CUBE-SFXS2LP1.pdsc
2025-07-18 15:00:18,764 [INFO] ServerAccessManage:452 - Complete download http(s) 200
2025-07-18 15:00:18,764 [INFO] ServerAccessManage:509 - Download File STMicroelectronics.X-CUBE-SAFEA1.pdsc
2025-07-18 15:00:18,846 [INFO] ServerAccessManage:452 - Complete download http(s) 200
2025-07-18 15:00:18,847 [INFO] ServerAccessManage:509 - Download File STMicroelectronics.X-CUBE-SUBG2.pdsc
2025-07-18 15:00:19,202 [INFO] ServerAccessManage:452 - Complete download http(s) 200
2025-07-18 15:00:19,202 [INFO] ServerAccessManage:509 - Download File STMicroelectronics.X-CUBE-SMBUS.pdsc
2025-07-18 15:00:19,637 [WARN] MainUpdater:1193 - Updater busy. Cannot search thirdparties
2025-07-18 15:00:19,637 [INFO] ThirdPartyUpdaterWithRetryManager:96 - Updater plugin is busy. [9/15]
2025-07-18 15:00:20,135 [ERROR] ServerAccessManage:1212 - Problem, file not found on Server
2025-07-18 15:00:20,166 [INFO] ServerAccessManage:452 - Complete download http(s) 200
2025-07-18 15:00:20,166 [INFO] ServerAccessManage:509 - Download File STMicroelectronics.X-CUBE-ST60.pdsc
2025-07-18 15:00:20,247 [INFO] ServerAccessManage:452 - Complete download http(s) 200
2025-07-18 15:00:20,247 [INFO] ServerAccessManage:509 - Download File STMicroelectronics.X-CUBE-ST67W61.pdsc
2025-07-18 15:00:20,320 [INFO] ServerAccessManage:452 - Complete download http(s) 200
2025-07-18 15:00:20,320 [INFO] ServerAccessManage:509 - Download File STMicroelectronics.X-CUBE-PM33A1.pdsc
2025-07-18 15:00:20,393 [INFO] ServerAccessManage:452 - Complete download http(s) 200
2025-07-18 15:00:20,393 [INFO] ServerAccessManage:509 - Download File STMicroelectronics.X-CUBE-TCPP.pdsc
2025-07-18 15:00:20,494 [INFO] ServerAccessManage:452 - Complete download http(s) 200
2025-07-18 15:00:20,494 [INFO] ServerAccessManage:509 - Download File STMicroelectronics.X-CUBE-TOF1.pdsc
2025-07-18 15:00:21,709 [ERROR] ServerAccessManage:1212 - Problem, file not found on Server
2025-07-18 15:00:21,775 [INFO] ServerAccessManage:452 - Complete download http(s) 200
2025-07-18 15:00:21,775 [INFO] ServerAccessManage:509 - Download File STMicroelectronics.X-CUBE-TOUCHGFX.pdsc
2025-07-18 15:00:22,536 [INFO] ServerAccessManage:452 - Complete download http(s) 200
2025-07-18 15:00:22,537 [INFO] ServerAccessManage:509 - Download File STMicroelectronics.X-CUBE-ALGOBUILD.pdsc
2025-07-18 15:00:22,638 [WARN] MainUpdater:1193 - Updater busy. Cannot search thirdparties
2025-07-18 15:00:22,638 [INFO] ThirdPartyUpdaterWithRetryManager:96 - Updater plugin is busy. [10/15]
2025-07-18 15:00:22,757 [INFO] ServerAccessManage:452 - Complete download http(s) 200
2025-07-18 15:00:22,757 [INFO] ServerAccessManage:509 - Download File STMicroelectronics.X-CUBE-AZRTOS-H7.pdsc
2025-07-18 15:00:23,083 [INFO] ServerAccessManage:452 - Complete download http(s) 200
2025-07-18 15:00:23,083 [INFO] ServerAccessManage:509 - Download File STMicroelectronics.X-CUBE-AZRTOS-H7RS.pdsc
2025-07-18 15:00:23,225 [INFO] ServerAccessManage:452 - Complete download http(s) 200
2025-07-18 15:00:23,225 [INFO] ServerAccessManage:509 - Download File STMicroelectronics.X-CUBE-AZRTOS-F4.pdsc
2025-07-18 15:00:23,347 [INFO] ServerAccessManage:452 - Complete download http(s) 200
2025-07-18 15:00:23,347 [INFO] ServerAccessManage:509 - Download File STMicroelectronics.X-CUBE-AZRTOS-F7.pdsc
2025-07-18 15:00:23,466 [INFO] ServerAccessManage:452 - Complete download http(s) 200
2025-07-18 15:00:23,466 [INFO] ServerAccessManage:509 - Download File STMicroelectronics.X-CUBE-AZRTOS-L4.pdsc
2025-07-18 15:00:23,588 [INFO] ServerAccessManage:452 - Complete download http(s) 200
2025-07-18 15:00:23,588 [INFO] ServerAccessManage:509 - Download File STMicroelectronics.X-CUBE-AZRTOS-L5.pdsc
2025-07-18 15:00:23,738 [INFO] ServerAccessManage:452 - Complete download http(s) 200
2025-07-18 15:00:23,738 [INFO] ServerAccessManage:509 - Download File STMicroelectronics.X-CUBE-AZRTOS-G0.pdsc
2025-07-18 15:00:23,861 [INFO] ServerAccessManage:452 - Complete download http(s) 200
2025-07-18 15:00:23,861 [INFO] ServerAccessManage:509 - Download File STMicroelectronics.X-CUBE-AZRTOS-G4.pdsc
2025-07-18 15:00:23,977 [INFO] ServerAccessManage:452 - Complete download http(s) 200
2025-07-18 15:00:23,977 [INFO] ServerAccessManage:509 - Download File STMicroelectronics.X-CUBE-AZRTOS-WB.pdsc
2025-07-18 15:00:24,098 [INFO] ServerAccessManage:452 - Complete download http(s) 200
2025-07-18 15:00:24,098 [INFO] ServerAccessManage:509 - Download File STMicroelectronics.X-CUBE-AZRTOS-WL.pdsc
2025-07-18 15:00:24,216 [INFO] ServerAccessManage:452 - Complete download http(s) 200
2025-07-18 15:00:24,216 [INFO] ServerAccessManage:509 - Download File STMicroelectronics.X-CUBE-WB05N.pdsc
2025-07-18 15:00:25,614 [INFO] ServerAccessManage:452 - Complete download http(s) 200
2025-07-18 15:00:25,614 [INFO] ServerAccessManage:509 - Download File wolfSSL.I-CUBE-wolfSSL.pdsc
2025-07-18 15:00:25,638 [WARN] MainUpdater:1193 - Updater busy. Cannot search thirdparties
2025-07-18 15:00:25,638 [INFO] ThirdPartyUpdaterWithRetryManager:96 - Updater plugin is busy. [11/15]
2025-07-18 15:00:28,639 [WARN] MainUpdater:1193 - Updater busy. Cannot search thirdparties
2025-07-18 15:00:28,639 [INFO] ThirdPartyUpdaterWithRetryManager:96 - Updater plugin is busy. [12/15]
2025-07-18 15:00:31,640 [WARN] MainUpdater:1193 - Updater busy. Cannot search thirdparties
2025-07-18 15:00:31,640 [INFO] ThirdPartyUpdaterWithRetryManager:96 - Updater plugin is busy. [13/15]
2025-07-18 15:00:34,640 [WARN] MainUpdater:1193 - Updater busy. Cannot search thirdparties
2025-07-18 15:00:34,640 [INFO] ThirdPartyUpdaterWithRetryManager:96 - Updater plugin is busy. [14/15]
2025-07-18 15:00:35,425 [ERROR] ServerAccessManage:1212 - Problem, file not found on Server
2025-07-18 15:00:35,902 [ERROR] ServerAccessManage:1212 - Problem, file not found on Server
2025-07-18 15:00:36,367 [ERROR] ServerAccessManage:1212 - Problem, file not found on Server
2025-07-18 15:00:36,654 [INFO] ServerAccessManage:452 - Complete download http(s) 200
2025-07-18 15:00:36,654 [INFO] ServerAccessManage:509 - Download File wolfSSL.I-CUBE-wolfMQTT.pdsc
2025-07-18 15:00:37,641 [WARN] MainUpdater:1193 - Updater busy. Cannot search thirdparties
2025-07-18 15:00:37,641 [INFO] ThirdPartyUpdaterWithRetryManager:96 - Updater plugin is busy. [15/15]
2025-07-18 15:00:37,641 [ERROR] IntegrityCheckThread:130 - Cannot retrieve database content from updater: error -1
2025-07-18 15:00:37,641 [INFO] ThirdParty:978 - Integrity check success = false
2025-07-18 15:00:37,641 [INFO] IntegrityCheckThread:100 - exiting critical section [integrity check]
2025-07-18 15:00:37,641 [INFO] IntegrityCheckThread:103 - End integrity checks thread
2025-07-18 15:00:38,949 [ERROR] ServerAccessManage:1212 - Problem, file not found on Server
2025-07-18 15:00:39,364 [INFO] ServerAccessManage:452 - Complete download http(s) 200
2025-07-18 15:00:39,364 [INFO] ServerAccessManage:509 - Download File wolfSSL.I-CUBE-wolfTPM.pdsc
2025-07-18 15:00:42,343 [INFO] ServerAccessManage:452 - Complete download http(s) 200
2025-07-18 15:00:42,343 [INFO] ServerAccessManage:509 - Download File wolfSSL.I-CUBE-wolfSSH.pdsc
2025-07-18 15:00:44,698 [INFO] ServerAccessManage:452 - Complete download http(s) 200
2025-07-18 15:00:44,698 [INFO] ServerAccessManage:509 - Download File RealThread.X-CUBE-RT-Thread_Nano.pdsc
2025-07-18 15:00:45,671 [INFO] ServerAccessManage:452 - Complete download http(s) 200
2025-07-18 15:00:45,671 [INFO] ServerAccessManage:509 - Download File SEGGER.I-CUBE-embOS.pdsc
2025-07-18 15:00:48,145 [INFO] ServerAccessManage:452 - Complete download http(s) 200
2025-07-18 15:00:48,145 [INFO] ServerAccessManage:509 - Download File portGmbH.I-Cube-SoM-uGOAL.pdsc
2025-07-18 15:00:50,265 [ERROR] ServerAccessManage:1212 - Problem, file not found on Server
2025-07-18 15:00:50,482 [ERROR] ServerAccessManage:1212 - Problem, file not found on Server
2025-07-18 15:00:50,698 [ERROR] ServerAccessManage:1212 - Problem, file not found on Server
2025-07-18 15:00:51,602 [INFO] ServerAccessManage:452 - Complete download http(s) 200
2025-07-18 15:00:51,602 [INFO] ServerAccessManage:509 - Download File emotas.I-CUBE-CANOPEN.pdsc
2025-07-18 15:00:54,634 [ERROR] ServerAccessManage:1254 - HTTP unexpected response (418) for https://www.weston-embedded.com/stm_packages/WES.I-CUBE-Cesium.pdsc
2025-07-18 15:00:54,636 [ERROR] ServerAccessManage:740 - Error during Access to HTTP Server. : WES.I-CUBE-Cesium.pdsc.
2025-07-18 15:00:55,534 [INFO] ServerAccessManage:452 - Complete download http(s) 200
2025-07-18 15:00:55,534 [INFO] ServerAccessManage:509 - Download File ITTIA_DB.I-CUBE-ITTIADB.pdsc
2025-07-18 15:01:00,259 [INFO] ServerAccessManage:452 - Complete download http(s) 200
2025-07-18 15:01:00,259 [INFO] ServerAccessManage:509 - Download File Infineon.AIROC-Wi-Fi-Bluetooth-STM32.pdsc
2025-07-18 15:01:05,107 [INFO] ServerAccessManage:452 - Complete download http(s) 200
2025-07-18 15:01:05,107 [INFO] ServerAccessManage:509 - Download File Cesanta.I-CUBE-Mongoose.pdsc
2025-07-18 15:01:08,210 [INFO] ServerAccessManage:452 - Complete download http(s) 200
2025-07-18 15:01:08,210 [INFO] ServerAccessManage:509 - Download File EmbeddedOffice.I-CUBE-FS-RTOS.pdsc
2025-07-18 15:01:09,786 [INFO] ServerAccessManage:452 - Complete download http(s) 200
2025-07-18 15:01:09,787 [INFO] ServerAccessManage:509 - Download File quantropi.X-CUBE-qispace-sdk-base.pdsc
2025-07-18 15:01:11,111 [INFO] ServerAccessManage:452 - Complete download http(s) 200
2025-07-18 15:01:11,112 [INFO] ServerAccessManage:509 - Download File Avnet-IotConnect.X-CUBE-IoTC-DA16k-PMOD.pdsc
2025-07-18 15:01:11,422 [WARN] CheckServerUpdateThread:151 - Open CheckUpdateFile Fail
2025-07-18 15:01:11,486 [WARN] PackLoader:240 - Cannot read IP mode file for STMicroelectronics.FP-ATR-ASTRA1.2.0.2
2025-07-18 15:01:11,498 [WARN] PackLoader:240 - Cannot read IP mode file for STMicroelectronics.FP-ATR-SIGFOX1.3.2.0
2025-07-18 15:01:11,506 [WARN] PackLoader:240 - Cannot read IP mode file for STMicroelectronics.FP-SNS-STBOX1.2.0.0
2025-07-18 15:01:11,517 [WARN] PackLoader:240 - Cannot read IP mode file for STMicroelectronics.FP-SNS-FLIGHT1.5.1.0
2025-07-18 15:01:11,521 [WARN] PackLoader:240 - Cannot read IP mode file for STMicroelectronics.FP-SNS-MOTENV1.5.0.0
2025-07-18 15:01:11,525 [WARN] PackLoader:240 - Cannot read IP mode file for STMicroelectronics.FP-SNS-MOTENVWB1.1.4.0
2025-07-18 15:01:11,529 [WARN] PackLoader:240 - Cannot read IP mode file for STMicroelectronics.FP-SNS-SMARTAG2.1.2.0
2025-07-18 15:01:11,537 [INFO] CheckServerUpdateThread:120 - End of CheckServer Thread
2025-07-18 15:01:11,541 [WARN] PackLoader:240 - Cannot read IP mode file for STMicroelectronics.FP-SNS-STAIOTCFT.1.0.0
2025-07-18 15:01:11,544 [WARN] PackLoader:240 - Cannot read IP mode file for STMicroelectronics.X-CUBE-AI.10.1.0
2025-07-18 15:01:11,547 [WARN] PackLoader:240 - Cannot read IP mode file for STMicroelectronics.X-CUBE-ALS.1.0.2
2025-07-18 15:01:11,556 [WARN] PackLoader:240 - Cannot read IP mode file for STMicroelectronics.X-CUBE-BLE1.7.1.0
2025-07-18 15:01:11,560 [WARN] PackLoader:240 - Cannot read IP mode file for STMicroelectronics.X-CUBE-BLE2.3.3.0
2025-07-18 15:01:11,567 [WARN] PackLoader:240 - Cannot read IP mode file for STMicroelectronics.X-CUBE-BLEMGR.4.1.0
2025-07-18 15:01:11,591 [WARN] PackLoader:240 - Cannot read IP mode file for STMicroelectronics.X-CUBE-DISPLAY.3.0.0
2025-07-18 15:01:11,598 [WARN] PackLoader:240 - Cannot read IP mode file for STMicroelectronics.X-CUBE-DPower.1.3.0
2025-07-18 15:01:11,601 [WARN] PackLoader:240 - Cannot read IP mode file for STMicroelectronics.X-CUBE-EEPRMA1.5.2.0
2025-07-18 15:01:11,606 [WARN] PackLoader:240 - Cannot read IP mode file for STMicroelectronics.X-CUBE-FREERTOS.1.3.1
2025-07-18 15:01:11,609 [WARN] PackLoader:240 - Cannot read IP mode file for STMicroelectronics.X-CUBE-GNSS1.7.0.1
2025-07-18 15:01:11,613 [WARN] PackLoader:240 - Cannot read IP mode file for STMicroelectronics.X-CUBE-ISPU.2.1.0
2025-07-18 15:01:11,620 [WARN] PackLoader:240 - Cannot read IP mode file for STMicroelectronics.X-CUBE-IPS.3.1.0
2025-07-18 15:01:11,646 [WARN] PackLoader:240 - Cannot read IP mode file for STMicroelectronics.X-CUBE-MEMS1.11.3.0
2025-07-18 15:01:11,785 [WARN] PackLoader:240 - Cannot read IP mode file for STMicroelectronics.X-CUBE-NFC4.3.0.0
2025-07-18 15:01:11,789 [WARN] PackLoader:240 - Cannot read IP mode file for STMicroelectronics.X-CUBE-NFC6.3.1.0
2025-07-18 15:01:11,793 [WARN] PackLoader:240 - Cannot read IP mode file for STMicroelectronics.X-CUBE-NFC7.2.0.0
2025-07-18 15:01:11,797 [WARN] PackLoader:240 - Cannot read IP mode file for STMicroelectronics.X-CUBE-NFC9.1.0.0
2025-07-18 15:01:11,801 [WARN] PackLoader:240 - Cannot read IP mode file for STMicroelectronics.X-CUBE-NFC10.1.0.0
2025-07-18 15:01:11,813 [WARN] PackLoader:240 - Cannot read IP mode file for STMicroelectronics.X-CUBE-NFC12.1.0.0
2025-07-18 15:01:11,818 [WARN] PackLoader:240 - Cannot read IP mode file for STMicroelectronics.X-CUBE-SFXS2LP1.4.0.0
2025-07-18 15:01:11,822 [WARN] PackLoader:240 - Cannot read IP mode file for STMicroelectronics.X-CUBE-SAFEA1.1.2.2
2025-07-18 15:01:11,827 [WARN] PackLoader:240 - Cannot read IP mode file for STMicroelectronics.X-CUBE-SUBG2.5.0.0
2025-07-18 15:01:11,833 [WARN] PackLoader:240 - Cannot read IP mode file for STMicroelectronics.X-CUBE-SMBUS.2.1.0
2025-07-18 15:01:11,836 [WARN] PackLoader:240 - Cannot read IP mode file for STMicroelectronics.X-CUBE-ST60.1.0.0
2025-07-18 15:01:11,844 [WARN] PackLoader:240 - Cannot read IP mode file for STMicroelectronics.X-CUBE-ST67W61.1.0.0
2025-07-18 15:01:11,846 [WARN] PackLoader:240 - Cannot read IP mode file for STMicroelectronics.X-CUBE-PM33A1.1.0.0
2025-07-18 15:01:11,849 [WARN] PackLoader:240 - Cannot read IP mode file for STMicroelectronics.X-CUBE-TCPP.4.2.0
2025-07-18 15:01:11,855 [WARN] PackLoader:240 - Cannot read IP mode file for STMicroelectronics.X-CUBE-TOF1.3.4.3
2025-07-18 15:01:11,866 [WARN] PackLoader:240 - Cannot read IP mode file for STMicroelectronics.X-CUBE-TOUCHGFX.4.25.0
2025-07-18 15:01:11,869 [WARN] PackLoader:240 - Cannot read IP mode file for STMicroelectronics.X-CUBE-ALGOBUILD.1.4.0
2025-07-18 15:01:11,877 [WARN] PackLoader:240 - Cannot read IP mode file for STMicroelectronics.X-CUBE-AZRTOS-H7.3.4.0
2025-07-18 15:01:11,887 [WARN] PackLoader:240 - Cannot read IP mode file for STMicroelectronics.X-CUBE-AZRTOS-H7RS.1.1.0
2025-07-18 15:01:11,896 [WARN] PackLoader:240 - Cannot read IP mode file for STMicroelectronics.X-CUBE-AZRTOS-F4.1.1.0
2025-07-18 15:01:11,904 [WARN] PackLoader:240 - Cannot read IP mode file for STMicroelectronics.X-CUBE-AZRTOS-F7.1.1.0
2025-07-18 15:01:11,912 [WARN] ConditionMgr:438 - getConditionDescription Invalid condition id : LAN8742 Phy interface Condition cause : null
2025-07-18 15:01:11,912 [WARN] PackLoader:240 - Cannot read IP mode file for STMicroelectronics.X-CUBE-AZRTOS-L4.2.0.0
2025-07-18 15:01:11,913 [WARN] ConditionMgr:1044 - genDependencies : Invalid condition id : LAN8742 Phy interface Condition cause : null
2025-07-18 15:01:11,913 [WARN] ConditionMgr:1044 - genDependencies : Invalid condition id : LAN8742 Phy interface Condition cause : null
2025-07-18 15:01:11,913 [WARN] ConditionMgr:1044 - genDependencies : Invalid condition id : LAN8742 Phy interface Condition cause : null
2025-07-18 15:01:11,920 [WARN] PackLoader:240 - Cannot read IP mode file for STMicroelectronics.X-CUBE-AZRTOS-L5.2.0.0
2025-07-18 15:01:11,926 [WARN] PackLoader:240 - Cannot read IP mode file for STMicroelectronics.X-CUBE-AZRTOS-G0.1.1.0
2025-07-18 15:01:11,932 [WARN] PackLoader:240 - Cannot read IP mode file for STMicroelectronics.X-CUBE-AZRTOS-G4.2.0.0
2025-07-18 15:01:11,938 [WARN] ConditionMgr:438 - getConditionDescription Invalid condition id : UX DEVICE CLASS RTOS Condition cause : null
2025-07-18 15:01:11,938 [WARN] ConditionMgr:438 - getConditionDescription Invalid condition id : UX DEVICE CLASS RTOS Condition cause : null
2025-07-18 15:01:11,939 [WARN] PackLoader:240 - Cannot read IP mode file for STMicroelectronics.X-CUBE-AZRTOS-WB.2.0.0
2025-07-18 15:01:11,939 [WARN] ConditionMgr:1044 - genDependencies : Invalid condition id : UX DEVICE CLASS RTOS Condition cause : null
2025-07-18 15:01:11,939 [WARN] ConditionMgr:1044 - genDependencies : Invalid condition id : UX DEVICE CLASS RTOS Condition cause : null
2025-07-18 15:01:11,939 [WARN] ConditionMgr:1044 - genDependencies : Invalid condition id : UX DEVICE CLASS RTOS Condition cause : null
2025-07-18 15:01:11,939 [WARN] ConditionMgr:1044 - genDependencies : Invalid condition id : UX DEVICE CLASS RTOS Condition cause : null
2025-07-18 15:01:11,939 [WARN] ConditionMgr:1044 - genDependencies : Invalid condition id : UX DEVICE CLASS RTOS Condition cause : null
2025-07-18 15:01:11,945 [INFO] LogOutputStream:77 - [STDOUT_REDIRECT] 1 : Invalid condition id : UX_CORESTACK_Condition cause : null
2025-07-18 15:01:11,946 [INFO] LogOutputStream:77 - [STDOUT_REDIRECT] 1 : Invalid condition id : UX_CORESTACK_Condition cause : null
2025-07-18 15:01:11,948 [INFO] LogOutputStream:77 - [STDOUT_REDIRECT] 1 : Invalid condition id : UX_CORESTACK_Condition cause : null
2025-07-18 15:01:11,949 [INFO] LogOutputStream:77 - [STDOUT_REDIRECT] 1 : Invalid condition id : UX_CORESTACK_Condition cause : null
2025-07-18 15:01:11,950 [INFO] LogOutputStream:77 - [STDOUT_REDIRECT] 1 : Invalid condition id : UX_CORESTACK_Condition cause : null
2025-07-18 15:01:11,951 [WARN] PackLoader:240 - Cannot read IP mode file for STMicroelectronics.X-CUBE-AZRTOS-WL.2.0.0
2025-07-18 15:01:11,954 [WARN] PackLoader:240 - Cannot read IP mode file for STMicroelectronics.X-CUBE-WB05N.2.0.0
2025-07-18 15:01:11,957 [WARN] PackLoader:240 - Cannot read IP mode file for wolfSSL.I-CUBE-wolfSSL.5.8.0
2025-07-18 15:01:11,960 [WARN] PackLoader:240 - Cannot read IP mode file for wolfSSL.I-CUBE-wolfMQTT.1.19.2
2025-07-18 15:01:11,962 [WARN] PackLoader:240 - Cannot read IP mode file for wolfSSL.I-CUBE-wolfTPM.3.8.0
2025-07-18 15:01:11,964 [WARN] PackLoader:240 - Cannot read IP mode file for wolfSSL.I-CUBE-wolfSSH.1.4.20
2025-07-18 15:01:11,966 [WARN] PackLoader:240 - Cannot read IP mode file for RealThread.X-CUBE-RT-Thread_Nano.4.1.1
2025-07-18 15:01:11,981 [WARN] PackLoader:240 - Cannot read IP mode file for SEGGER.I-CUBE-embOS.1.3.1
2025-07-18 15:01:12,002 [WARN] PackLoader:240 - Cannot read IP mode file for portGmbH.I-Cube-SoM-uGOAL.1.1.0
2025-07-18 15:01:12,005 [WARN] PackLoader:240 - Cannot read IP mode file for emotas.I-CUBE-CANOPEN.1.3.0
2025-07-18 15:01:12,009 [WARN] PackLoader:240 - Cannot read IP mode file for ITTIA_DB.I-CUBE-ITTIADB.8.9.0
2025-07-18 15:01:12,017 [WARN] PackLoader:240 - Cannot read IP mode file for Infineon.AIROC-Wi-Fi-Bluetooth-STM32.1.7.1
2025-07-18 15:01:12,023 [WARN] PackLoader:240 - Cannot read IP mode file for Cesanta.I-CUBE-Mongoose.7.13.0
2025-07-18 15:01:12,027 [WARN] PackLoader:240 - Cannot read IP mode file for EmbeddedOffice.I-CUBE-FS-RTOS.1.0.1
2025-07-18 15:01:12,030 [WARN] ConditionMgr:438 - getConditionDescription Invalid condition id : Cortex-A Device cause : null
2025-07-18 15:01:12,050 [WARN] ConditionMgr:1044 - genDependencies : Invalid condition id : Cortex-A Device cause : null
2025-07-18 15:01:12,050 [WARN] ConditionMgr:1044 - genDependencies : Invalid condition id : Cortex-A Device cause : null
2025-07-18 15:01:12,050 [WARN] ConditionMgr:1044 - genDependencies : Invalid condition id : Cortex-A Device cause : null
2025-07-18 15:01:12,052 [WARN] PackLoader:240 - Cannot read IP mode file for Avnet-IotConnect.X-CUBE-IoTC-DA16k-PMOD.1.0.0
2025-07-18 15:01:12,053 [INFO] PopulateThirdPartyThread:66 - Ending populate Thread
2025-07-18 15:01:12,056 [INFO] ThirdParty:1030 - CMSIS Pack Vendor :STMicroelectronics X-CUBE-PM33A1 1.0.0
2025-07-18 15:01:12,056 [INFO] ThirdParty:1030 - CMSIS Pack Vendor :STMicroelectronics X-CUBE-NFC9 1.0.0
2025-07-18 15:01:12,056 [INFO] ThirdParty:1030 - CMSIS Pack Vendor :wolfSSL I-CUBE-wolfSSL 5.8.0
2025-07-18 15:01:12,056 [INFO] ThirdParty:1030 - CMSIS Pack Vendor :STMicroelectronics FP-SNS-MOTENVWB1 1.4.0
2025-07-18 15:01:12,056 [INFO] ThirdParty:1030 - CMSIS Pack Vendor :STMicroelectronics X-CUBE-AZRTOS-F4 1.1.0
2025-07-18 15:01:12,056 [INFO] ThirdParty:1030 - CMSIS Pack Vendor :STMicroelectronics FP-ATR-ASTRA1 2.0.2
2025-07-18 15:01:12,056 [INFO] ThirdParty:1030 - CMSIS Pack Vendor :STMicroelectronics X-CUBE-BLE1 7.1.0
2025-07-18 15:01:12,056 [INFO] ThirdParty:1030 - CMSIS Pack Vendor :Avnet-IotConnect X-CUBE-IoTC-DA16k-PMOD 1.0.0
2025-07-18 15:01:12,056 [INFO] ThirdParty:1030 - CMSIS Pack Vendor :STMicroelectronics X-CUBE-SMBUS 2.1.0
2025-07-18 15:01:12,056 [INFO] ThirdParty:1030 - CMSIS Pack Vendor :wolfSSL I-CUBE-wolfMQTT 1.19.2
2025-07-18 15:01:12,056 [INFO] ThirdParty:1030 - CMSIS Pack Vendor :STMicroelectronics X-CUBE-ISPU 2.1.0
2025-07-18 15:01:12,056 [INFO] ThirdParty:1030 - CMSIS Pack Vendor :STMicroelectronics X-CUBE-BLEMGR 4.1.0
2025-07-18 15:01:12,056 [INFO] ThirdParty:1030 - CMSIS Pack Vendor :STMicroelectronics X-CUBE-EEPRMA1 5.2.0
2025-07-18 15:01:12,056 [INFO] ThirdParty:1030 - CMSIS Pack Vendor :STMicroelectronics X-CUBE-AZRTOS-WB 2.0.0
2025-07-18 15:01:12,056 [INFO] ThirdParty:1030 - CMSIS Pack Vendor :STMicroelectronics X-CUBE-ST60 1.0.0
2025-07-18 15:01:12,056 [INFO] ThirdParty:1030 - CMSIS Pack Vendor :STMicroelectronics X-CUBE-GNSS1 7.0.1
2025-07-18 15:01:12,056 [INFO] ThirdParty:1030 - CMSIS Pack Vendor :STMicroelectronics X-CUBE-NFC12 1.0.0
2025-07-18 15:01:12,056 [INFO] ThirdParty:1030 - CMSIS Pack Vendor :STMicroelectronics X-CUBE-TOUCHGFX 4.25.0
2025-07-18 15:01:12,056 [INFO] ThirdParty:1030 - CMSIS Pack Vendor :STMicroelectronics X-CUBE-AZRTOS-F7 1.1.0
2025-07-18 15:01:12,056 [INFO] ThirdParty:1030 - CMSIS Pack Vendor :STMicroelectronics X-CUBE-AZRTOS-L5 2.0.0
2025-07-18 15:01:12,056 [INFO] ThirdParty:1030 - CMSIS Pack Vendor :STMicroelectronics X-CUBE-NFC6 3.1.0
2025-07-18 15:01:12,056 [INFO] ThirdParty:1030 - CMSIS Pack Vendor :STMicroelectronics X-CUBE-AI 10.1.0
2025-07-18 15:01:12,057 [INFO] ThirdParty:1030 - CMSIS Pack Vendor :STMicroelectronics FP-SNS-STBOX1 2.0.0
2025-07-18 15:01:12,057 [INFO] ThirdParty:1030 - CMSIS Pack Vendor :STMicroelectronics X-CUBE-AZRTOS-G0 1.1.0
2025-07-18 15:01:12,057 [INFO] ThirdParty:1030 - CMSIS Pack Vendor :STMicroelectronics X-CUBE-NFC4 3.0.0
2025-07-18 15:01:12,057 [INFO] ThirdParty:1030 - CMSIS Pack Vendor :STMicroelectronics X-CUBE-SAFEA1 1.2.2
2025-07-18 15:01:12,057 [INFO] ThirdParty:1030 - CMSIS Pack Vendor :STMicroelectronics X-CUBE-SUBG2 5.0.0
2025-07-18 15:01:12,057 [INFO] ThirdParty:1030 - CMSIS Pack Vendor :STMicroelectronics X-CUBE-AZRTOS-H7RS 1.1.0
2025-07-18 15:01:12,057 [INFO] ThirdParty:1030 - CMSIS Pack Vendor :EmbeddedOffice I-CUBE-FS-RTOS 1.0.1
2025-07-18 15:01:12,057 [INFO] ThirdParty:1030 - CMSIS Pack Vendor :Cesanta I-CUBE-Mongoose 7.13.0
2025-07-18 15:01:12,057 [INFO] ThirdParty:1030 - CMSIS Pack Vendor :STMicroelectronics X-CUBE-AZRTOS-G4 2.0.0
2025-07-18 15:01:12,057 [INFO] ThirdParty:1030 - CMSIS Pack Vendor :Infineon AIROC-Wi-Fi-Bluetooth-STM32 1.7.1
2025-07-18 15:01:12,057 [INFO] ThirdParty:1030 - CMSIS Pack Vendor :STMicroelectronics X-CUBE-WB05N 2.0.0
2025-07-18 15:01:12,057 [INFO] ThirdParty:1030 - CMSIS Pack Vendor :wolfSSL I-CUBE-wolfTPM 3.8.0
2025-07-18 15:01:12,057 [INFO] ThirdParty:1030 - CMSIS Pack Vendor :STMicroelectronics X-CUBE-AZRTOS-H7 3.4.0
2025-07-18 15:01:12,057 [INFO] ThirdParty:1030 - CMSIS Pack Vendor :STMicroelectronics X-CUBE-DISPLAY 3.0.0
2025-07-18 15:01:12,057 [INFO] ThirdParty:1030 - CMSIS Pack Vendor :wolfSSL I-CUBE-wolfSSH 1.4.20
2025-07-18 15:01:12,057 [INFO] ThirdParty:1030 - CMSIS Pack Vendor :STMicroelectronics X-CUBE-NFC7 2.0.0
2025-07-18 15:01:12,057 [INFO] ThirdParty:1030 - CMSIS Pack Vendor :STMicroelectronics X-CUBE-TCPP 4.2.0
2025-07-18 15:01:12,057 [INFO] ThirdParty:1030 - CMSIS Pack Vendor :RealThread X-CUBE-RT-Thread_Nano 4.1.1
2025-07-18 15:01:12,057 [INFO] ThirdParty:1030 - CMSIS Pack Vendor :STMicroelectronics FP-ATR-SIGFOX1 3.2.0
2025-07-18 15:01:12,057 [INFO] ThirdParty:1030 - CMSIS Pack Vendor :STMicroelectronics X-CUBE-NFC10 1.0.0
2025-07-18 15:01:12,057 [INFO] ThirdParty:1030 - CMSIS Pack Vendor :STMicroelectronics X-CUBE-FREERTOS 1.3.1
2025-07-18 15:01:12,057 [INFO] ThirdParty:1030 - CMSIS Pack Vendor :STMicroelectronics X-CUBE-ALS 1.0.2
2025-07-18 15:01:12,057 [INFO] ThirdParty:1030 - CMSIS Pack Vendor :STMicroelectronics X-CUBE-IPS 3.1.0
2025-07-18 15:01:12,057 [INFO] ThirdParty:1030 - CMSIS Pack Vendor :emotas I-CUBE-CANOPEN 1.3.0
2025-07-18 15:01:12,057 [INFO] ThirdParty:1030 - CMSIS Pack Vendor :ITTIA_DB I-CUBE-ITTIADB 8.9.0
2025-07-18 15:01:12,057 [INFO] ThirdParty:1030 - CMSIS Pack Vendor :portGmbH I-Cube-SoM-uGOAL 1.1.0
2025-07-18 15:01:12,057 [INFO] ThirdParty:1030 - CMSIS Pack Vendor :STMicroelectronics X-CUBE-ST67W61 1.0.0
2025-07-18 15:01:12,057 [INFO] ThirdParty:1030 - CMSIS Pack Vendor :quantropi X-CUBE-qispace-sdk-base 2.0.0
2025-07-18 15:01:12,057 [INFO] ThirdParty:1030 - CMSIS Pack Vendor :STMicroelectronics FP-SNS-STAIOTCFT 1.0.0
2025-07-18 15:01:12,057 [INFO] ThirdParty:1030 - CMSIS Pack Vendor :STMicroelectronics FP-SNS-SMARTAG2 1.2.0
2025-07-18 15:01:12,057 [INFO] ThirdParty:1030 - CMSIS Pack Vendor :STMicroelectronics FP-SNS-FLIGHT1 5.1.0
2025-07-18 15:01:12,057 [INFO] ThirdParty:1030 - CMSIS Pack Vendor :STMicroelectronics X-CUBE-AZRTOS-WL 2.0.0
2025-07-18 15:01:12,057 [INFO] ThirdParty:1030 - CMSIS Pack Vendor :SEGGER I-CUBE-embOS 1.3.1
2025-07-18 15:01:12,057 [INFO] ThirdParty:1030 - CMSIS Pack Vendor :STMicroelectronics X-CUBE-DPower 1.3.0
2025-07-18 15:01:12,057 [INFO] ThirdParty:1030 - CMSIS Pack Vendor :STMicroelectronics X-CUBE-ALGOBUILD 1.4.0
2025-07-18 15:01:12,057 [INFO] ThirdParty:1030 - CMSIS Pack Vendor :STMicroelectronics X-CUBE-MEMS1 11.3.0
2025-07-18 15:01:12,057 [INFO] ThirdParty:1030 - CMSIS Pack Vendor :STMicroelectronics FP-SNS-MOTENV1 5.0.0
2025-07-18 15:01:12,057 [INFO] ThirdParty:1030 - CMSIS Pack Vendor :STMicroelectronics X-CUBE-AZRTOS-L4 2.0.0
2025-07-18 15:01:12,057 [INFO] ThirdParty:1030 - CMSIS Pack Vendor :STMicroelectronics X-CUBE-SFXS2LP1 4.0.0
2025-07-18 15:01:12,057 [INFO] ThirdParty:1030 - CMSIS Pack Vendor :STMicroelectronics X-CUBE-BLE2 3.3.0
2025-07-18 15:01:12,057 [INFO] ThirdParty:1030 - CMSIS Pack Vendor :STMicroelectronics X-CUBE-TOF1 3.4.3
2025-07-18 15:01:12,058 [INFO] LoadServerUpdatesThread:375 - End of LoadServerUpdate Thread
2025-07-18 15:03:39,062 [INFO] McuFinderGlobals:63 - Set McuFinder mode to 2 (CubeIDE integrated)
2025-07-18 15:03:39,087 [INFO] MainUpdater:2872 - connection check result : 10
2025-07-18 15:03:39,108 [INFO] McuFinderGlobals:76 - Set McuFinderConnectedMode to true
2025-07-18 15:03:39,443 [INFO] ServerAccessManage:452 - Complete download http(s) 200
2025-07-18 15:03:39,444 [INFO] ServerAccessManage:509 - Download File mcusAds.json._tmp_
2025-07-18 15:03:39,561 [INFO] LoadUrlFilesThread:156 - End of LoadUrlFiles Thread
2025-07-18 15:03:39,825 [INFO] ServerAccessManage:452 - Complete download http(s) 200
2025-07-18 15:03:39,825 [INFO] ServerAccessManage:509 - Download File cube-finder-db.zip
2025-07-18 15:03:40,963 [INFO] FileExtend:248 - Unzip File : cube-finder-db.zip
2025-07-18 15:03:40,963 [INFO] FileExtend:263 - Standard Zip Deflate
2025-07-18 15:03:41,549 [INFO] LoadUrlFilesThread:156 - End of LoadUrlFiles Thread
2025-07-18 15:03:42,607 [INFO] ServerAccessManage:452 - Complete download http(s) 200
2025-07-18 15:03:42,607 [INFO] ServerAccessManage:509 - Download File crdb.zip
2025-07-18 15:03:43,810 [INFO] FileExtend:248 - Unzip File : crdb.zip
2025-07-18 15:03:43,810 [INFO] FileExtend:263 - Standard Zip Deflate
2025-07-18 15:03:43,946 [INFO] LoadUrlFilesThread:156 - End of LoadUrlFiles Thread
2025-07-18 15:03:44,067 [INFO] ServerAccessManage:452 - Complete download http(s) 200
2025-07-18 15:03:44,068 [INFO] ServerAccessManage:509 - Download File tutoVideoDB.zip
2025-07-18 15:03:44,072 [INFO] FileExtend:248 - Unzip File : tutoVideoDB.zip
2025-07-18 15:03:44,072 [INFO] FileExtend:263 - Standard Zip Deflate
2025-07-18 15:03:44,197 [INFO] LoadUrlFilesThread:156 - End of LoadUrlFiles Thread
2025-07-18 15:03:44,200 [WARN] DbFile:41 - Overriding database path with different value: C:\Users\10477\.stmcufinder\plugins\mcufinder/ => C:\Users\10477\.stmcufinder\plugins\mcufinder
2025-07-18 15:03:44,318 [INFO] ServerAccessManage:452 - Complete download http(s) 200
2025-07-18 15:03:44,318 [INFO] ServerAccessManage:509 - Download File api_config.json
2025-07-18 15:03:44,436 [INFO] LoadUrlFilesThread:156 - End of LoadUrlFiles Thread
2025-07-18 15:03:44,438 [INFO] DbMcusAds:53 - JSON generation date=Tue Jul 08 16:14:23 GMT+08:00 2025 (1751962463562)
2025-07-18 15:03:44,556 [INFO] ServerAccessManage:452 - Complete download http(s) 200
2025-07-18 15:03:44,556 [INFO] ServerAccessManage:509 - Download File 
2025-07-18 15:03:44,711 [INFO] LoadUrlFilesThread:185 - End of LoadServerUrlFiles without Thread
2025-07-18 15:03:44,711 [INFO] TargetSelectorAdapter:259 - Refresh data is successful
2025-07-18 15:03:44,831 [INFO] ApiDb:581 - Connected to CubeFinder SQLite database (C:\Users\10477\.stmcufinder\plugins\mcufinder\mcu\cube-finder-db.db)
2025-07-18 15:03:44,876 [INFO] ApiDb:668 - CubeFinder database Data Model version=2.1
2025-07-18 15:03:44,876 [INFO] ApiDb:669 - CubeFinder database Configuration version=3.0.39
2025-07-18 15:03:44,876 [INFO] ApiDb:670 - CubeFinder database generation date=2025-06-24 (1750757100)
2025-07-18 15:03:44,876 [INFO] ApiDb:671 - CubeFinder database FW Pack versions=[FP-ATR-ASTRA1_V2.0.0, FP-SNS-FLIGHT1_V5.1.0, FP-SNS-MOTENV1_V5.0.0, FP-SNS-MOTENVWB1_V1.4.0, FP-SNS-SMARTAG2_V1.2.0, FP-SNS-STBOX1_V2.0.0, STM32Cube_FW_C0_V1.4.0, STM32Cube_FW_F4_V1.28.2, STM32Cube_FW_F7_V1.17.3, STM32Cube_FW_G0_V1.6.2, STM32Cube_FW_G4_V1.6.1, STM32Cube_FW_H5_V1.5.0, STM32Cube_FW_H7RS_V1.2.0, STM32Cube_FW_H7_V1.12.1, STM32Cube_FW_L0_V1.12.2, STM32Cube_FW_L4_V1.18.1, STM32Cube_FW_L5_V1.5.1, STM32Cube_FW_N6_V1.2.0, STM32Cube_FW_U0_V1.3.0, STM32Cube_FW_U3_V1.2.0, STM32Cube_FW_U5_V1.8.0, STM32Cube_FW_WB0_V1.3.0, STM32Cube_FW_WBA_V1.7.0, STM32Cube_FW_WB_V1.23.0, STM32Cube_FW_WL3_V1.2.0, STM32Cube_FW_WL_V1.3.1, X-CUBE-ALGOBUILD_V1.4.0, X-CUBE-ALS_V1.0.2, X-CUBE-AZRTOS-F4_V1.1.0, X-CUBE-AZRTOS-F7_V1.1.0, X-CUBE-AZRTOS-G0_V1.1.0, X-CUBE-AZRTOS-G4_V2.0.0, X-CUBE-AZRTOS-H7RS_V1.1.0, X-CUBE-AZRTOS-H7_V3.3.0, X-CUBE-AZRTOS-L4_V2.0.0, X-CUBE-AZRTOS-L5_V2.0.0, X-CUBE-AZRTOS-WB_V2.0.0, X-CUBE-AZRTOS-WL_V2.0.0, X-CUBE-BLE1_V7.1.0, X-CUBE-BLE2_V3.3.0, X-CUBE-BLEMGR_V4.0.0, X-CUBE-EEPRMA1_V5.1.0, X-CUBE-FREERTOS_V1.3.1, X-CUBE-GNSS1_V6.0.0, X-CUBE-MEMS1_V11.3.0, X-CUBE-NFC4_V3.0.0, X-CUBE-NFC7_V2.0.0, X-CUBE-SFXS2LP1_V4.0.0, X-CUBE-SUBG2_V5.0.0, X-CUBE-TOF1_V3.4.3]
2025-07-18 15:03:45,996 [INFO] ApiDb:240 - Found 880 in-development CPN: [B-G473E-ZEST1S, B-WB1M-WPAN1, B-WBA5M-WPAN, B-WL5M-SUBG1, NUCLEO-C031C6, NUCLEO-C051C8, NUCLEO-C071RB, NUCLEO-C092RC, NUCLEO-H503RB, NUCLEO-H533RE, NUCLEO-H563ZI, NUCLEO-H7S3L8, NUCLEO-N657X0-Q, NUCLEO-U031R8, NUCLEO-U083RC, NUCLEO-U385RG-Q, NUCLEO-U545RE-Q, NUCLEO-U5A5ZJ-Q, NUCLEO-WB05KZ, NUCLEO-WB07CC, NUCLEO-WB09KE, NUCLEO-WBA52CG, NUCLEO-WBA55CG, NUCLEO-WL33CC1, NUCLEO-WL33CC2, STEVAL-PROTEUS1, STEVAL-SMARTAG2, STEVAL-STWINBX1, STM320518-EVAL, STM32C0116-DK, STM32C011D6Y3TR, STM32C011D6Y6TR, STM32C011F4P3, STM32C011F4P6, STM32C011F4U3, STM32C011F4U6TR, STM32C011F6P3, STM32C011F6P6, STM32C011F6U3, STM32C011F6U6TR, STM32C011J4M3, STM32C011J4M6, STM32C011J6M3, STM32C011J6M6, STM32C0316-DK, STM32C031C4T3, STM32C031C4T6, STM32C031C4U3, STM32C031C4U6, STM32C031C6T3, STM32C031C6T6, STM32C031C6U3, STM32C031C6U6, STM32C031F4P3, STM32C031F4P6, STM32C031F6P3, STM32C031F6P6, STM32C031G4U3, STM32C031G4U6, STM32C031G6U3, STM32C031G6U6, STM32C031K4T3, STM32C031K4T6, STM32C031K4U3, STM32C031K4U6, STM32C031K6T3, STM32C031K6T6, STM32C031K6U3, STM32C031K6U6, STM32C051C6T6, STM32C051C6U6, STM32C051C8T6, STM32C051C8U6, STM32C051D8Y6TR, STM32C051F6P6, STM32C051F8P6, STM32C051G6U6, STM32C051G8U6, STM32C051K6T6, STM32C051K6U6, STM32C051K8T6, STM32C071C8T6, STM32C071C8T6N, STM32C071C8U6, STM32C071C8U6N, STM32C071CBT6, STM32C071CBT6N, STM32C071CBU6, STM32C071CBU6N, STM32C071F8P6, STM32C071F8P6N, STM32C071FBP6, STM32C071FBP6N, STM32C071FBY6TR, STM32C071G8U6, STM32C071G8U6N, STM32C071GBU6, STM32C071GBU6N, STM32C071K8T6, STM32C071K8T6N, STM32C071K8U6, STM32C071K8U6N, STM32C071KBT6, STM32C071KBT6N, STM32C071KBU6, STM32C071KBU6N, STM32C071R8T6, STM32C071R8T6N, STM32C071RBI6N, STM32C071RBT6, STM32C071RBT6N, STM32C091CBT6, STM32C091CBU6, STM32C091CCT6, STM32C091CCU6, STM32C091ECY6TR, STM32C091FBP6, STM32C091FCP6, STM32C091GBU6, STM32C091GCU6, STM32C091KBT6, STM32C091KBU6, STM32C091KCT6, STM32C091KCU6, STM32C091RBT6, STM32C091RCI6, STM32C091RCT6, STM32C092CBT6, STM32C092CBU6, STM32C092CCT6, STM32C092CCU6, STM32C092ECY6TR, STM32C092FBP6, STM32C092FCP6, STM32C092GBU6, STM32C092GCU6, STM32C092KBT6, STM32C092KBU6, STM32C092KCT6, STM32C092KCU6, STM32C092RBT6, STM32C092RCI6, STM32C092RCT6, STM32G071K8TXN, STM32G071K8UXN, STM32G081GBU6N, STM32G081KBT6N, STM32G081KBUXN, STM32G0B1CCT6N, STM32G0B1KCT6, STM32G0B1NEY6TR, STM32G0B1RCT6N, STM32G0C1CCT6, STM32G0C1CCT6N, STM32G0C1CCU6N, STM32G0C1CET6N, STM32G0C1CEU6N, STM32G0C1KCT6, STM32G0C1NEY6TR, STM32G0C1RCI6N, STM32G0C1RCT6N, STM32G0C1REI6N, STM32G0C1RET6N, STM32G0C1VCI6, STM32G0C1VEI6, STM32G411C6T3, STM32G411C6T6, STM32G411C6U3, STM32G411C6U6, STM32G411C8T3, STM32G411C8T6, STM32G411C8U3, STM32G411C8U6, STM32G411CBT3, STM32G411CBT6, STM32G411CBU3, STM32G411CBU6, STM32G411K6T3, STM32G411K6T6, STM32G411K6U3, STM32G411K6U6, STM32G411K8T3, STM32G411K8T6, STM32G411K8U3, STM32G411K8U6, STM32G411KBT3, STM32G411KBT6, STM32G411KBU3, STM32G411KBU6, STM32G411M6T3, STM32G411M6T6, STM32G411M8T3, STM32G411M8T6, STM32G411MBT3, STM32G411MBT6, STM32G411R6T3, STM32G411R6T6, STM32G411R8T3, STM32G411R8T6, STM32G411RBT3, STM32G411RBT6, STM32G414CBT3, STM32G414CBT6, STM32G414CBU3, STM32G414CBU6, STM32G414CCT3, STM32G414CCT6, STM32G414CCU3, STM32G414CCU6, STM32G414MBT3, STM32G414MBT6, STM32G414MCT3, STM32G414MCT6, STM32G414RBT3, STM32G414RBT6, STM32G414RCT3, STM32G414RCT6, STM32G414VBT3, STM32G414VBT6, STM32G414VCT3, STM32G414VCT6, STM32G431CBT3Z, STM32G431RBT3Z, STM32G471CCT6, STM32G471CCU6, STM32G471CET3, STM32G471CET6, STM32G471CEU3, STM32G471CEU6, STM32G471MCT6, STM32G471MET3, STM32G471MET6, STM32G471MEY6TR, STM32G471QCT6, STM32G471QET3, STM32G471RCT6, STM32G471RET3, STM32G471RET6, STM32G471VCH6, STM32G471VCI6, STM32G471VCT6, STM32G471VEH3, STM32G471VEH6, STM32G471VEI3, STM32G471VEI6, STM32G471VET3, STM32G471VET6, STM32G473QET3Z, STM32G473RET3Z, STM32G474CCT6, STM32G491RET3Z, STM32H503CBT6, STM32H503CBU6, STM32H503EBY6TR, STM32H503KBU6, STM32H503RBT6, STM32H523CCT6, STM32H523CCU6, STM32H523CET6, STM32H523CEU6, STM32H523HEY6TR, STM32H523RCT6, STM32H523RET6, STM32H523VCI6, STM32H523VCT6, STM32H523VEI6, STM32H523VET6, STM32H523ZCJ6, STM32H523ZCT6, STM32H523ZEJ6, STM32H523ZET6, STM32H533CET6, STM32H533CEU6, STM32H533HEY6TR, STM32H533RET6, STM32H533VEI6, STM32H533VET6, STM32H533ZEJ6, STM32H533ZET6, STM32H562AGI6, STM32H562AII6, STM32H562IGK6, STM32H562IGT6, STM32H562IIK6, STM32H562IIT6, STM32H562RGT6, STM32H562RGV6, STM32H562RIT6, STM32H562RIV6, STM32H562VGT6, STM32H562VIT6, STM32H562ZGT6, STM32H562ZIT6, STM32H563AGI6, STM32H563AII3Q, STM32H563AII6, STM32H563IGK6, STM32H563IGT6, STM32H563IIK3Q, STM32H563IIK6, STM32H563IIT3Q, STM32H563IIT6, STM32H563MIY3QTR, STM32H563RGT6, STM32H563RGV6, STM32H563RIT6, STM32H563RIV6, STM32H563VGT6, STM32H563VIT3Q, STM32H563VIT6, STM32H563ZGT6, STM32H563ZIT3Q, STM32H563ZIT6, STM32H573AII3Q, STM32H573AII6, STM32H573I-DK, STM32H573IIK3Q, STM32H573IIK6, STM32H573IIT3Q, STM32H573IIT6, STM32H573MIY3QTR, STM32H573RIT6, STM32H573RIV6, STM32H573VIT3Q, STM32H573VIT6, STM32H573ZIT3Q, STM32H573ZIT6, STM32H7R3A8I6, STM32H7R3I8K6, STM32H7R3I8T6, STM32H7R3L8H6, STM32H7R3L8H6H, STM32H7R3R8V6, STM32H7R3V8H6, STM32H7R3V8T6, STM32H7R3V8Y6TR, STM32H7R3Z8J6, STM32H7R3Z8T6, STM32H7R7A8I6, STM32H7R7I8K6, STM32H7R7I8T6, STM32H7R7L8H6, STM32H7R7L8H6H, STM32H7R7Z8J6, STM32H7S3A8I6, STM32H7S3I8K6, STM32H7S3I8T6, STM32H7S3L8H6, STM32H7S3L8H6H, STM32H7S3R8V6, STM32H7S3V8H6, STM32H7S3V8T6, STM32H7S3V8Y6TR, STM32H7S3Z8J6, STM32H7S3Z8T6, STM32H7S78-DK, STM32H7S7A8I6, STM32H7S7I8K6, STM32H7S7I8T6, STM32H7S7L8H6, STM32H7S7L8H6H, STM32H7S7Z8J6, STM32L4R5QGI6STR, STM32MP131AAE3, STM32MP131AAF3, STM32MP131AAG3, STM32MP131CAE3, STM32MP131CAF3, STM32MP131CAG3, STM32MP131DAE7, STM32MP131DAF7, STM32MP131DAG7, STM32MP131FAE7, STM32MP131FAF7, STM32MP131FAG7, STM32MP133AAE3, STM32MP133AAF3, STM32MP133AAG3, STM32MP133CAE3, STM32MP133CAF3, STM32MP133CAG3, STM32MP133DAE7, STM32MP133DAF7, STM32MP133DAG7, STM32MP133FAE7, STM32MP133FAF7, STM32MP133FAG7, STM32MP135AAE3, STM32MP135AAF3, STM32MP135AAG3, STM32MP135CAE3, STM32MP135CAF3, STM32MP135CAG3, STM32MP135DAE7, STM32MP135DAF7, STM32MP135DAG7, STM32MP135F-DK, STM32MP135FAE7, STM32MP135FAF7, STM32MP135FAF7T, STM32MP135FAF7U, STM32MP135FAG7, STM32MP211AAL3, STM32MP211AAM3, STM32MP211AAN3, STM32MP211AAO3, STM32MP211CAL3, STM32MP211CAM3, STM32MP211CAN3, STM32MP211CAO3, STM32MP211DAL3, STM32MP211DAM3, STM32MP211DAN3, STM32MP211DAO3, STM32MP211FAL3, STM32MP211FAM3, STM32MP211FAN3, STM32MP211FAO3, STM32MP213AAL3, STM32MP213AAM3, STM32MP213AAN3, STM32MP213AAO3, STM32MP213CAL3, STM32MP213CAM3, STM32MP213CAN3, STM32MP213CAO3, STM32MP213DAL3, STM32MP213DAM3, STM32MP213DAN3, STM32MP213DAO3, STM32MP213FAL3, STM32MP213FAM3, STM32MP213FAN3, STM32MP213FAO3, STM32MP215AAL3, STM32MP215AAM3, STM32MP215AAN3, STM32MP215AAO3, STM32MP215CAL3, STM32MP215CAM3, STM32MP215CAN3, STM32MP215CAO3, STM32MP215DAL3, STM32MP215DAM3, STM32MP215DAN3, STM32MP215DAO3, STM32MP215F-DK, STM32MP215FAL3, STM32MP215FAM3, STM32MP215FAN3, STM32MP215FAO3, STM32MP231AAJ3, STM32MP231AAK3, STM32MP231AAL3, STM32MP231CAJ3, STM32MP231CAK3, STM32MP231CAL3, STM32MP231DAJ3, STM32MP231DAK3, STM32MP231DAL3, STM32MP231FAJ3, STM32MP231FAK3, STM32MP231FAL3, STM32MP233AAJ3, STM32MP233AAK3, STM32MP233AAL3, STM32MP233CAJ3, STM32MP233CAK3, STM32MP233CAL3, STM32MP233DAJ3, STM32MP233DAK3, STM32MP233DAL3, STM32MP233FAJ3, STM32MP233FAK3, STM32MP233FAL3, STM32MP235AAJ3, STM32MP235AAK3, STM32MP235AAL3, STM32MP235CAJ3, STM32MP235CAK3, STM32MP235CAL3, STM32MP235DAJ3, STM32MP235DAK3, STM32MP235DAL3, STM32MP235FAJ3, STM32MP235FAK3, STM32MP235FAL3, STM32MP251AAI3, STM32MP251AAK3, STM32MP251AAL3, STM32MP251CAI3, STM32MP251CAK3, STM32MP251CAL3, STM32MP251DAI3, STM32MP251DAK3, STM32MP251DAL3, STM32MP251FAI3, STM32MP251FAK3, STM32MP251FAL3, STM32MP253AAI3, STM32MP253AAK3, STM32MP253AAL3, STM32MP253CAI3, STM32MP253CAK3, STM32MP253CAL3, STM32MP253DAI3, STM32MP253DAK3, STM32MP253DAL3, STM32MP253FAI3, STM32MP253FAK3, STM32MP253FAL3, STM32MP255AAI3, STM32MP255AAK3, STM32MP255AAL3, STM32MP255CAI3, STM32MP255CAK3, STM32MP255CAL3, STM32MP255DAI3, STM32MP255DAK3, STM32MP255DAL3, STM32MP255FAI3, STM32MP255FAK3, STM32MP255FAL3, STM32MP257AAI3, STM32MP257AAK3, STM32MP257AAL3, STM32MP257CAI3, STM32MP257CAK3, STM32MP257CAL3, STM32MP257DAI3, STM32MP257DAK3, STM32MP257DAL3, STM32MP257F-DK, STM32MP257F-EV1, STM32MP257FAI3, STM32MP257FAK3, STM32MP257FAL3, STM32N645A0H3Q, STM32N645B0H3Q, STM32N645I0H3Q, STM32N645L0H3Q, STM32N645X0H3Q, STM32N645Z0H3Q, STM32N647A0H3Q, STM32N647B0H3Q, STM32N647I0H3Q, STM32N647L0H3Q, STM32N647X0H3Q, STM32N647Z0H3Q, STM32N655A0H3Q, STM32N655B0H3Q, STM32N655I0H3Q, STM32N655L0H3Q, STM32N655X0H3Q, STM32N655Z0H3Q, STM32N6570-DK, STM32N657A0H3Q, STM32N657B0H3Q, STM32N657I0H3Q, STM32N657L0H3Q, STM32N657X0H3Q, STM32N657Z0H3Q, STM32U031C6T6, STM32U031C6U6, STM32U031C8T6, STM32U031C8U6, STM32U031F4P6, STM32U031F6P6, STM32U031F8P6, STM32U031G6Y6TR, STM32U031G8Y6TR, STM32U031K4U6, STM32U031K6U6, STM32U031K8U6, STM32U031R6I6, STM32U031R6T6, STM32U031R8I6, STM32U031R8T6, STM32U073C8T6, STM32U073C8U6, STM32U073CBT6, STM32U073CBU6, STM32U073CCT6, STM32U073CCU6, STM32U073H8Y6TR, STM32U073HBY6TR, STM32U073HCY6TR, STM32U073K8U6, STM32U073KBU6, STM32U073KCU6, STM32U073M8I6, STM32U073M8T6, STM32U073MBI6, STM32U073MBT6, STM32U073MCI6, STM32U073MCT6, STM32U073R8I6, STM32U073R8T6, STM32U073RBI6, STM32U073RBT6, STM32U073RCI6, STM32U073RCT6, STM32U083C-DK, STM32U083CCT6, STM32U083CCU6, STM32U083HCY6TR, STM32U083KCU6, STM32U083MCI6, STM32U083MCT6, STM32U083RCI6, STM32U083RCT6, STM32U375CET6, STM32U375CET6Q, STM32U375CEU6, STM32U375CEU6Q, STM32U375CEY6QTR, STM32U375CGT6, STM32U375CGT6Q, STM32U375CGU6, STM32U375CGU6Q, STM32U375CGY6QTR, STM32U375KEU6, STM32U375KGU6, STM32U375REI6, STM32U375REI6Q, STM32U375RET6, STM32U375RET6Q, STM32U375REY6GTR, STM32U375REY6QTR, STM32U375RGI6, STM32U375RGI6Q, STM32U375RGT6, STM32U375RGT6Q, STM32U375RGY6GTR, STM32U375RGY6QTR, STM32U375VEI6, STM32U375VEI6Q, STM32U375VET6, STM32U375VET6Q, STM32U375VGI6, STM32U375VGI6Q, STM32U375VGT6, STM32U375VGT6Q, STM32U385CGT6, STM32U385CGT6Q, STM32U385CGU6, STM32U385CGU6Q, STM32U385CGY6QTR, STM32U385KGU6, STM32U385RGI6, STM32U385RGI6Q, STM32U385RGT6, STM32U385RGT6Q, STM32U385RGY6GTR, STM32U385RGY6QTR, STM32U385VGI6, STM32U385VGI6Q, STM32U385VGT6, STM32U385VGT6Q, STM32U535CBT6, STM32U535CBT6Q, STM32U535CBU6, STM32U535CBU6Q, STM32U535CCT6, STM32U535CCT6Q, STM32U535CCU6, STM32U535CCU6Q, STM32U535CET6, STM32U535CET6Q, STM32U535CEU6, STM32U535CEU6Q, STM32U535JEY6QTR, STM32U535NCY6QTR, STM32U535NEY6QTR, STM32U535RBI6, STM32U535RBI6Q, STM32U535RBT6, STM32U535RBT6Q, STM32U535RCI6, STM32U535RCI6Q, STM32U535RCT6, STM32U535RCT6Q, STM32U535REI6, STM32U535REI6Q, STM32U535RET6, STM32U535RET6Q, STM32U535VCI6, STM32U535VCI6Q, STM32U535VCT6, STM32U535VCT6Q, STM32U535VEI6, STM32U535VEI6Q, STM32U535VET6, STM32U535VET6Q, STM32U545CET6, STM32U545CET6Q, STM32U545CEU6, STM32U545CEU6Q, STM32U545JEY6QTR, STM32U545NEY6QTR, STM32U545REI6, STM32U545REI6Q, STM32U545RET6, STM32U545RET6Q, STM32U545VEI6, STM32U545VEI6Q, STM32U545VET6, STM32U545VET6Q, STM32U595AIH6, STM32U595AIH6Q, STM32U595AJH6, STM32U595AJH6Q, STM32U595QII6, STM32U595QII6Q, STM32U595QJI6, STM32U595QJI6Q, STM32U595RIT6, STM32U595RIT6Q, STM32U595RJT6, STM32U595RJT6Q, STM32U595VIT6, STM32U595VIT6Q, STM32U595VJT6, STM32U595VJT6Q, STM32U595ZIT6, STM32U595ZIT6Q, STM32U595ZIY6QTR, STM32U595ZJT6, STM32U595ZJT6Q, STM32U595ZJY6QTR, STM32U599BJY6QTR, STM32U599NIH6Q, STM32U599NJH6Q, STM32U599VIT6Q, STM32U599VJT6, STM32U599VJT6Q, STM32U599ZIT6Q, STM32U599ZIY6QTR, STM32U599ZJT6Q, STM32U599ZJY6QTR, STM32U5A5AJH6, STM32U5A5AJH6Q, STM32U5A5QII3Q , STM32U5A5QJI6, STM32U5A5QJI6Q, STM32U5A5RJT6, STM32U5A5RJT6Q, STM32U5A5VJT6, STM32U5A5VJT6Q, STM32U5A5ZJT6, STM32U5A5ZJT6Q, STM32U5A5ZJY6QTR, STM32U5A9BJY6QTR, STM32U5A9J-DK, STM32U5A9NJH6Q, STM32U5A9VJT6Q, STM32U5A9ZJT6Q, STM32U5A9ZJY6QTR, STM32U5F7VIT6, STM32U5F7VIT6Q, STM32U5F7VJT6, STM32U5F7VJT6Q, STM32U5F9BJY6QTR, STM32U5F9NJH6Q, STM32U5F9VIT6Q, STM32U5F9VJT6Q, STM32U5F9ZIJ6QTR, STM32U5F9ZIT6Q, STM32U5F9ZJJ6QTR, STM32U5F9ZJT6Q, STM32U5G7VJT6, STM32U5G7VJT6Q, STM32U5G9BJY6QTR, STM32U5G9J-DK1, STM32U5G9J-DK2, STM32U5G9NJH6Q, STM32U5G9VJT6Q, STM32U5G9ZJJ6QTR, STM32U5G9ZJT6Q, STM32WB05KZV6TR, STM32WB05KZV7TR, STM32WB05TZF6TR, STM32WB05TZF7TR, STM32WB06CCF6TR, STM32WB06CCF7TR, STM32WB06CCV6TR, STM32WB06CCV7TR, STM32WB06KCV6TR, STM32WB06KCV7TR, STM32WB07CCF6TR, STM32WB07CCF7TR, STM32WB07CCV6TR, STM32WB07CCV7TR, STM32WB07KCV6TR, STM32WB07KCV7TR, STM32WB09KEV6TR, STM32WB09KEV7TR, STM32WB09TEF6TR, STM32WB09TEF7TR, STM32WB1MMCH6, STM32WBA50KGU6, STM32WBA50KGU6TR, STM32WBA52CEU6, STM32WBA52CEU6TR, STM32WBA52CEU7, STM32WBA52CEU7TR, STM32WBA52CGU6, STM32WBA52CGU6TR, STM32WBA52CGU6U, STM32WBA52CGU7, STM32WBA52CGU7TR, STM32WBA52KEU6, STM32WBA52KEU6TR, STM32WBA52KGU6, STM32WBA52KGU6TR, STM32WBA54CEU6, STM32WBA54CEU6TR, STM32WBA54CEU7, STM32WBA54CEU7TR, STM32WBA54CGU6, STM32WBA54CGU6TR, STM32WBA54CGU7, STM32WBA54CGU7TR, STM32WBA54KEU6, STM32WBA54KEU6TR, STM32WBA54KEU7, STM32WBA54KEU7TR, STM32WBA54KGU6, STM32WBA54KGU6TR, STM32WBA54KGU7, STM32WBA54KGU7TR, STM32WBA55CEU6, STM32WBA55CEU6TR, STM32WBA55CEU7, STM32WBA55CEU7TR, STM32WBA55CGU6, STM32WBA55CGU6TR, STM32WBA55CGU6U, STM32WBA55CGU7, STM32WBA55CGU7TR, STM32WBA55G-DK1, STM32WBA55HEF6, STM32WBA55HEF7, STM32WBA55HGF6, STM32WBA55HGF7, STM32WBA55UEI6, STM32WBA55UEI6TR, STM32WBA55UEI7, STM32WBA55UEI7TR, STM32WBA55UGI6, STM32WBA55UGI6TR, STM32WBA55UGI7, STM32WBA55UGI7TR, STM32WBA5MMGH6TR, STM32WBA62MGF6, STM32WBA62MIF6, STM32WBA65MGF7, STM32WBA65MIF6, STM32WBA65MIF7, STM32WL30K8V6, STM32WL30KBV6, STM32WL31C8V6, STM32WL31CBV6, STM32WL31K8V6, STM32WL31KBV6, STM32WL33C8V6, STM32WL33C8V6X, STM32WL33CBV6, STM32WL33CBV6X, STM32WL33CCV6, STM32WL33CCV6A, STM32WL33CCV6X, STM32WL33K8V7, STM32WL33K8V7X, STM32WL33KBV7 , STM32WL33KBV7X, STM32WL33KCV7, STM32WL33KCV7X, STM32WL5MOCH6, STM32WL5MOCH6TR]
2025-07-18 15:03:45,999 [INFO] DbMcus:218 - Found 4801 MCUs, 4801 are supported
2025-07-18 15:03:46,000 [INFO] ApiDb:414 - User favorites file not found: C:\Users\10477/.stm32cubeide/favorites.mcus.txt
2025-07-18 15:03:46,000 [INFO] DbMcus:224 - Set 0 / 0 favorites MCUs
2025-07-18 15:03:46,281 [INFO] ApiDb:668 - CubeFinder database Data Model version=2.1
2025-07-18 15:03:46,281 [INFO] ApiDb:669 - CubeFinder database Configuration version=3.0.39
2025-07-18 15:03:46,281 [INFO] ApiDb:670 - CubeFinder database generation date=2025-06-24 (1750757100)
2025-07-18 15:03:46,281 [INFO] ApiDb:671 - CubeFinder database FW Pack versions=[FP-ATR-ASTRA1_V2.0.0, FP-SNS-FLIGHT1_V5.1.0, FP-SNS-MOTENV1_V5.0.0, FP-SNS-MOTENVWB1_V1.4.0, FP-SNS-SMARTAG2_V1.2.0, FP-SNS-STBOX1_V2.0.0, STM32Cube_FW_C0_V1.4.0, STM32Cube_FW_F4_V1.28.2, STM32Cube_FW_F7_V1.17.3, STM32Cube_FW_G0_V1.6.2, STM32Cube_FW_G4_V1.6.1, STM32Cube_FW_H5_V1.5.0, STM32Cube_FW_H7RS_V1.2.0, STM32Cube_FW_H7_V1.12.1, STM32Cube_FW_L0_V1.12.2, STM32Cube_FW_L4_V1.18.1, STM32Cube_FW_L5_V1.5.1, STM32Cube_FW_N6_V1.2.0, STM32Cube_FW_U0_V1.3.0, STM32Cube_FW_U3_V1.2.0, STM32Cube_FW_U5_V1.8.0, STM32Cube_FW_WB0_V1.3.0, STM32Cube_FW_WBA_V1.7.0, STM32Cube_FW_WB_V1.23.0, STM32Cube_FW_WL3_V1.2.0, STM32Cube_FW_WL_V1.3.1, X-CUBE-ALGOBUILD_V1.4.0, X-CUBE-ALS_V1.0.2, X-CUBE-AZRTOS-F4_V1.1.0, X-CUBE-AZRTOS-F7_V1.1.0, X-CUBE-AZRTOS-G0_V1.1.0, X-CUBE-AZRTOS-G4_V2.0.0, X-CUBE-AZRTOS-H7RS_V1.1.0, X-CUBE-AZRTOS-H7_V3.3.0, X-CUBE-AZRTOS-L4_V2.0.0, X-CUBE-AZRTOS-L5_V2.0.0, X-CUBE-AZRTOS-WB_V2.0.0, X-CUBE-AZRTOS-WL_V2.0.0, X-CUBE-BLE1_V7.1.0, X-CUBE-BLE2_V3.3.0, X-CUBE-BLEMGR_V4.0.0, X-CUBE-EEPRMA1_V5.1.0, X-CUBE-FREERTOS_V1.3.1, X-CUBE-GNSS1_V6.0.0, X-CUBE-MEMS1_V11.3.0, X-CUBE-NFC4_V3.0.0, X-CUBE-NFC7_V2.0.0, X-CUBE-SFXS2LP1_V4.0.0, X-CUBE-SUBG2_V5.0.0, X-CUBE-TOF1_V3.4.3]
2025-07-18 15:03:46,310 [INFO] DbBoardsSqlite:226 - include board P-NUCLEO-WB55-NUCLEO as a kit item of type 'Nucleo-64'
2025-07-18 15:03:46,310 [INFO] DbBoardsSqlite:226 - include board P-NUCLEO-WB55-USBDONGLE as a kit item of type 'Nucleo USB Dongle'
2025-07-18 15:03:46,310 [INFO] DbBoardsSqlite:226 - include board STEVAL-IDP005V1 as a kit item of type 'Evaluation Board'
2025-07-18 15:03:46,310 [INFO] DbBoardsSqlite:226 - include board STEVAL-IDP005V2 as a kit item of type 'Evaluation Board'
2025-07-18 15:03:46,350 [INFO] ApiDb:240 - Found 880 in-development CPN: [B-G473E-ZEST1S, B-WB1M-WPAN1, B-WBA5M-WPAN, B-WL5M-SUBG1, NUCLEO-C031C6, NUCLEO-C051C8, NUCLEO-C071RB, NUCLEO-C092RC, NUCLEO-H503RB, NUCLEO-H533RE, NUCLEO-H563ZI, NUCLEO-H7S3L8, NUCLEO-N657X0-Q, NUCLEO-U031R8, NUCLEO-U083RC, NUCLEO-U385RG-Q, NUCLEO-U545RE-Q, NUCLEO-U5A5ZJ-Q, NUCLEO-WB05KZ, NUCLEO-WB07CC, NUCLEO-WB09KE, NUCLEO-WBA52CG, NUCLEO-WBA55CG, NUCLEO-WL33CC1, NUCLEO-WL33CC2, STEVAL-PROTEUS1, STEVAL-SMARTAG2, STEVAL-STWINBX1, STM320518-EVAL, STM32C0116-DK, STM32C011D6Y3TR, STM32C011D6Y6TR, STM32C011F4P3, STM32C011F4P6, STM32C011F4U3, STM32C011F4U6TR, STM32C011F6P3, STM32C011F6P6, STM32C011F6U3, STM32C011F6U6TR, STM32C011J4M3, STM32C011J4M6, STM32C011J6M3, STM32C011J6M6, STM32C0316-DK, STM32C031C4T3, STM32C031C4T6, STM32C031C4U3, STM32C031C4U6, STM32C031C6T3, STM32C031C6T6, STM32C031C6U3, STM32C031C6U6, STM32C031F4P3, STM32C031F4P6, STM32C031F6P3, STM32C031F6P6, STM32C031G4U3, STM32C031G4U6, STM32C031G6U3, STM32C031G6U6, STM32C031K4T3, STM32C031K4T6, STM32C031K4U3, STM32C031K4U6, STM32C031K6T3, STM32C031K6T6, STM32C031K6U3, STM32C031K6U6, STM32C051C6T6, STM32C051C6U6, STM32C051C8T6, STM32C051C8U6, STM32C051D8Y6TR, STM32C051F6P6, STM32C051F8P6, STM32C051G6U6, STM32C051G8U6, STM32C051K6T6, STM32C051K6U6, STM32C051K8T6, STM32C071C8T6, STM32C071C8T6N, STM32C071C8U6, STM32C071C8U6N, STM32C071CBT6, STM32C071CBT6N, STM32C071CBU6, STM32C071CBU6N, STM32C071F8P6, STM32C071F8P6N, STM32C071FBP6, STM32C071FBP6N, STM32C071FBY6TR, STM32C071G8U6, STM32C071G8U6N, STM32C071GBU6, STM32C071GBU6N, STM32C071K8T6, STM32C071K8T6N, STM32C071K8U6, STM32C071K8U6N, STM32C071KBT6, STM32C071KBT6N, STM32C071KBU6, STM32C071KBU6N, STM32C071R8T6, STM32C071R8T6N, STM32C071RBI6N, STM32C071RBT6, STM32C071RBT6N, STM32C091CBT6, STM32C091CBU6, STM32C091CCT6, STM32C091CCU6, STM32C091ECY6TR, STM32C091FBP6, STM32C091FCP6, STM32C091GBU6, STM32C091GCU6, STM32C091KBT6, STM32C091KBU6, STM32C091KCT6, STM32C091KCU6, STM32C091RBT6, STM32C091RCI6, STM32C091RCT6, STM32C092CBT6, STM32C092CBU6, STM32C092CCT6, STM32C092CCU6, STM32C092ECY6TR, STM32C092FBP6, STM32C092FCP6, STM32C092GBU6, STM32C092GCU6, STM32C092KBT6, STM32C092KBU6, STM32C092KCT6, STM32C092KCU6, STM32C092RBT6, STM32C092RCI6, STM32C092RCT6, STM32G071K8TXN, STM32G071K8UXN, STM32G081GBU6N, STM32G081KBT6N, STM32G081KBUXN, STM32G0B1CCT6N, STM32G0B1KCT6, STM32G0B1NEY6TR, STM32G0B1RCT6N, STM32G0C1CCT6, STM32G0C1CCT6N, STM32G0C1CCU6N, STM32G0C1CET6N, STM32G0C1CEU6N, STM32G0C1KCT6, STM32G0C1NEY6TR, STM32G0C1RCI6N, STM32G0C1RCT6N, STM32G0C1REI6N, STM32G0C1RET6N, STM32G0C1VCI6, STM32G0C1VEI6, STM32G411C6T3, STM32G411C6T6, STM32G411C6U3, STM32G411C6U6, STM32G411C8T3, STM32G411C8T6, STM32G411C8U3, STM32G411C8U6, STM32G411CBT3, STM32G411CBT6, STM32G411CBU3, STM32G411CBU6, STM32G411K6T3, STM32G411K6T6, STM32G411K6U3, STM32G411K6U6, STM32G411K8T3, STM32G411K8T6, STM32G411K8U3, STM32G411K8U6, STM32G411KBT3, STM32G411KBT6, STM32G411KBU3, STM32G411KBU6, STM32G411M6T3, STM32G411M6T6, STM32G411M8T3, STM32G411M8T6, STM32G411MBT3, STM32G411MBT6, STM32G411R6T3, STM32G411R6T6, STM32G411R8T3, STM32G411R8T6, STM32G411RBT3, STM32G411RBT6, STM32G414CBT3, STM32G414CBT6, STM32G414CBU3, STM32G414CBU6, STM32G414CCT3, STM32G414CCT6, STM32G414CCU3, STM32G414CCU6, STM32G414MBT3, STM32G414MBT6, STM32G414MCT3, STM32G414MCT6, STM32G414RBT3, STM32G414RBT6, STM32G414RCT3, STM32G414RCT6, STM32G414VBT3, STM32G414VBT6, STM32G414VCT3, STM32G414VCT6, STM32G431CBT3Z, STM32G431RBT3Z, STM32G471CCT6, STM32G471CCU6, STM32G471CET3, STM32G471CET6, STM32G471CEU3, STM32G471CEU6, STM32G471MCT6, STM32G471MET3, STM32G471MET6, STM32G471MEY6TR, STM32G471QCT6, STM32G471QET3, STM32G471RCT6, STM32G471RET3, STM32G471RET6, STM32G471VCH6, STM32G471VCI6, STM32G471VCT6, STM32G471VEH3, STM32G471VEH6, STM32G471VEI3, STM32G471VEI6, STM32G471VET3, STM32G471VET6, STM32G473QET3Z, STM32G473RET3Z, STM32G474CCT6, STM32G491RET3Z, STM32H503CBT6, STM32H503CBU6, STM32H503EBY6TR, STM32H503KBU6, STM32H503RBT6, STM32H523CCT6, STM32H523CCU6, STM32H523CET6, STM32H523CEU6, STM32H523HEY6TR, STM32H523RCT6, STM32H523RET6, STM32H523VCI6, STM32H523VCT6, STM32H523VEI6, STM32H523VET6, STM32H523ZCJ6, STM32H523ZCT6, STM32H523ZEJ6, STM32H523ZET6, STM32H533CET6, STM32H533CEU6, STM32H533HEY6TR, STM32H533RET6, STM32H533VEI6, STM32H533VET6, STM32H533ZEJ6, STM32H533ZET6, STM32H562AGI6, STM32H562AII6, STM32H562IGK6, STM32H562IGT6, STM32H562IIK6, STM32H562IIT6, STM32H562RGT6, STM32H562RGV6, STM32H562RIT6, STM32H562RIV6, STM32H562VGT6, STM32H562VIT6, STM32H562ZGT6, STM32H562ZIT6, STM32H563AGI6, STM32H563AII3Q, STM32H563AII6, STM32H563IGK6, STM32H563IGT6, STM32H563IIK3Q, STM32H563IIK6, STM32H563IIT3Q, STM32H563IIT6, STM32H563MIY3QTR, STM32H563RGT6, STM32H563RGV6, STM32H563RIT6, STM32H563RIV6, STM32H563VGT6, STM32H563VIT3Q, STM32H563VIT6, STM32H563ZGT6, STM32H563ZIT3Q, STM32H563ZIT6, STM32H573AII3Q, STM32H573AII6, STM32H573I-DK, STM32H573IIK3Q, STM32H573IIK6, STM32H573IIT3Q, STM32H573IIT6, STM32H573MIY3QTR, STM32H573RIT6, STM32H573RIV6, STM32H573VIT3Q, STM32H573VIT6, STM32H573ZIT3Q, STM32H573ZIT6, STM32H7R3A8I6, STM32H7R3I8K6, STM32H7R3I8T6, STM32H7R3L8H6, STM32H7R3L8H6H, STM32H7R3R8V6, STM32H7R3V8H6, STM32H7R3V8T6, STM32H7R3V8Y6TR, STM32H7R3Z8J6, STM32H7R3Z8T6, STM32H7R7A8I6, STM32H7R7I8K6, STM32H7R7I8T6, STM32H7R7L8H6, STM32H7R7L8H6H, STM32H7R7Z8J6, STM32H7S3A8I6, STM32H7S3I8K6, STM32H7S3I8T6, STM32H7S3L8H6, STM32H7S3L8H6H, STM32H7S3R8V6, STM32H7S3V8H6, STM32H7S3V8T6, STM32H7S3V8Y6TR, STM32H7S3Z8J6, STM32H7S3Z8T6, STM32H7S78-DK, STM32H7S7A8I6, STM32H7S7I8K6, STM32H7S7I8T6, STM32H7S7L8H6, STM32H7S7L8H6H, STM32H7S7Z8J6, STM32L4R5QGI6STR, STM32MP131AAE3, STM32MP131AAF3, STM32MP131AAG3, STM32MP131CAE3, STM32MP131CAF3, STM32MP131CAG3, STM32MP131DAE7, STM32MP131DAF7, STM32MP131DAG7, STM32MP131FAE7, STM32MP131FAF7, STM32MP131FAG7, STM32MP133AAE3, STM32MP133AAF3, STM32MP133AAG3, STM32MP133CAE3, STM32MP133CAF3, STM32MP133CAG3, STM32MP133DAE7, STM32MP133DAF7, STM32MP133DAG7, STM32MP133FAE7, STM32MP133FAF7, STM32MP133FAG7, STM32MP135AAE3, STM32MP135AAF3, STM32MP135AAG3, STM32MP135CAE3, STM32MP135CAF3, STM32MP135CAG3, STM32MP135DAE7, STM32MP135DAF7, STM32MP135DAG7, STM32MP135F-DK, STM32MP135FAE7, STM32MP135FAF7, STM32MP135FAF7T, STM32MP135FAF7U, STM32MP135FAG7, STM32MP211AAL3, STM32MP211AAM3, STM32MP211AAN3, STM32MP211AAO3, STM32MP211CAL3, STM32MP211CAM3, STM32MP211CAN3, STM32MP211CAO3, STM32MP211DAL3, STM32MP211DAM3, STM32MP211DAN3, STM32MP211DAO3, STM32MP211FAL3, STM32MP211FAM3, STM32MP211FAN3, STM32MP211FAO3, STM32MP213AAL3, STM32MP213AAM3, STM32MP213AAN3, STM32MP213AAO3, STM32MP213CAL3, STM32MP213CAM3, STM32MP213CAN3, STM32MP213CAO3, STM32MP213DAL3, STM32MP213DAM3, STM32MP213DAN3, STM32MP213DAO3, STM32MP213FAL3, STM32MP213FAM3, STM32MP213FAN3, STM32MP213FAO3, STM32MP215AAL3, STM32MP215AAM3, STM32MP215AAN3, STM32MP215AAO3, STM32MP215CAL3, STM32MP215CAM3, STM32MP215CAN3, STM32MP215CAO3, STM32MP215DAL3, STM32MP215DAM3, STM32MP215DAN3, STM32MP215DAO3, STM32MP215F-DK, STM32MP215FAL3, STM32MP215FAM3, STM32MP215FAN3, STM32MP215FAO3, STM32MP231AAJ3, STM32MP231AAK3, STM32MP231AAL3, STM32MP231CAJ3, STM32MP231CAK3, STM32MP231CAL3, STM32MP231DAJ3, STM32MP231DAK3, STM32MP231DAL3, STM32MP231FAJ3, STM32MP231FAK3, STM32MP231FAL3, STM32MP233AAJ3, STM32MP233AAK3, STM32MP233AAL3, STM32MP233CAJ3, STM32MP233CAK3, STM32MP233CAL3, STM32MP233DAJ3, STM32MP233DAK3, STM32MP233DAL3, STM32MP233FAJ3, STM32MP233FAK3, STM32MP233FAL3, STM32MP235AAJ3, STM32MP235AAK3, STM32MP235AAL3, STM32MP235CAJ3, STM32MP235CAK3, STM32MP235CAL3, STM32MP235DAJ3, STM32MP235DAK3, STM32MP235DAL3, STM32MP235FAJ3, STM32MP235FAK3, STM32MP235FAL3, STM32MP251AAI3, STM32MP251AAK3, STM32MP251AAL3, STM32MP251CAI3, STM32MP251CAK3, STM32MP251CAL3, STM32MP251DAI3, STM32MP251DAK3, STM32MP251DAL3, STM32MP251FAI3, STM32MP251FAK3, STM32MP251FAL3, STM32MP253AAI3, STM32MP253AAK3, STM32MP253AAL3, STM32MP253CAI3, STM32MP253CAK3, STM32MP253CAL3, STM32MP253DAI3, STM32MP253DAK3, STM32MP253DAL3, STM32MP253FAI3, STM32MP253FAK3, STM32MP253FAL3, STM32MP255AAI3, STM32MP255AAK3, STM32MP255AAL3, STM32MP255CAI3, STM32MP255CAK3, STM32MP255CAL3, STM32MP255DAI3, STM32MP255DAK3, STM32MP255DAL3, STM32MP255FAI3, STM32MP255FAK3, STM32MP255FAL3, STM32MP257AAI3, STM32MP257AAK3, STM32MP257AAL3, STM32MP257CAI3, STM32MP257CAK3, STM32MP257CAL3, STM32MP257DAI3, STM32MP257DAK3, STM32MP257DAL3, STM32MP257F-DK, STM32MP257F-EV1, STM32MP257FAI3, STM32MP257FAK3, STM32MP257FAL3, STM32N645A0H3Q, STM32N645B0H3Q, STM32N645I0H3Q, STM32N645L0H3Q, STM32N645X0H3Q, STM32N645Z0H3Q, STM32N647A0H3Q, STM32N647B0H3Q, STM32N647I0H3Q, STM32N647L0H3Q, STM32N647X0H3Q, STM32N647Z0H3Q, STM32N655A0H3Q, STM32N655B0H3Q, STM32N655I0H3Q, STM32N655L0H3Q, STM32N655X0H3Q, STM32N655Z0H3Q, STM32N6570-DK, STM32N657A0H3Q, STM32N657B0H3Q, STM32N657I0H3Q, STM32N657L0H3Q, STM32N657X0H3Q, STM32N657Z0H3Q, STM32U031C6T6, STM32U031C6U6, STM32U031C8T6, STM32U031C8U6, STM32U031F4P6, STM32U031F6P6, STM32U031F8P6, STM32U031G6Y6TR, STM32U031G8Y6TR, STM32U031K4U6, STM32U031K6U6, STM32U031K8U6, STM32U031R6I6, STM32U031R6T6, STM32U031R8I6, STM32U031R8T6, STM32U073C8T6, STM32U073C8U6, STM32U073CBT6, STM32U073CBU6, STM32U073CCT6, STM32U073CCU6, STM32U073H8Y6TR, STM32U073HBY6TR, STM32U073HCY6TR, STM32U073K8U6, STM32U073KBU6, STM32U073KCU6, STM32U073M8I6, STM32U073M8T6, STM32U073MBI6, STM32U073MBT6, STM32U073MCI6, STM32U073MCT6, STM32U073R8I6, STM32U073R8T6, STM32U073RBI6, STM32U073RBT6, STM32U073RCI6, STM32U073RCT6, STM32U083C-DK, STM32U083CCT6, STM32U083CCU6, STM32U083HCY6TR, STM32U083KCU6, STM32U083MCI6, STM32U083MCT6, STM32U083RCI6, STM32U083RCT6, STM32U375CET6, STM32U375CET6Q, STM32U375CEU6, STM32U375CEU6Q, STM32U375CEY6QTR, STM32U375CGT6, STM32U375CGT6Q, STM32U375CGU6, STM32U375CGU6Q, STM32U375CGY6QTR, STM32U375KEU6, STM32U375KGU6, STM32U375REI6, STM32U375REI6Q, STM32U375RET6, STM32U375RET6Q, STM32U375REY6GTR, STM32U375REY6QTR, STM32U375RGI6, STM32U375RGI6Q, STM32U375RGT6, STM32U375RGT6Q, STM32U375RGY6GTR, STM32U375RGY6QTR, STM32U375VEI6, STM32U375VEI6Q, STM32U375VET6, STM32U375VET6Q, STM32U375VGI6, STM32U375VGI6Q, STM32U375VGT6, STM32U375VGT6Q, STM32U385CGT6, STM32U385CGT6Q, STM32U385CGU6, STM32U385CGU6Q, STM32U385CGY6QTR, STM32U385KGU6, STM32U385RGI6, STM32U385RGI6Q, STM32U385RGT6, STM32U385RGT6Q, STM32U385RGY6GTR, STM32U385RGY6QTR, STM32U385VGI6, STM32U385VGI6Q, STM32U385VGT6, STM32U385VGT6Q, STM32U535CBT6, STM32U535CBT6Q, STM32U535CBU6, STM32U535CBU6Q, STM32U535CCT6, STM32U535CCT6Q, STM32U535CCU6, STM32U535CCU6Q, STM32U535CET6, STM32U535CET6Q, STM32U535CEU6, STM32U535CEU6Q, STM32U535JEY6QTR, STM32U535NCY6QTR, STM32U535NEY6QTR, STM32U535RBI6, STM32U535RBI6Q, STM32U535RBT6, STM32U535RBT6Q, STM32U535RCI6, STM32U535RCI6Q, STM32U535RCT6, STM32U535RCT6Q, STM32U535REI6, STM32U535REI6Q, STM32U535RET6, STM32U535RET6Q, STM32U535VCI6, STM32U535VCI6Q, STM32U535VCT6, STM32U535VCT6Q, STM32U535VEI6, STM32U535VEI6Q, STM32U535VET6, STM32U535VET6Q, STM32U545CET6, STM32U545CET6Q, STM32U545CEU6, STM32U545CEU6Q, STM32U545JEY6QTR, STM32U545NEY6QTR, STM32U545REI6, STM32U545REI6Q, STM32U545RET6, STM32U545RET6Q, STM32U545VEI6, STM32U545VEI6Q, STM32U545VET6, STM32U545VET6Q, STM32U595AIH6, STM32U595AIH6Q, STM32U595AJH6, STM32U595AJH6Q, STM32U595QII6, STM32U595QII6Q, STM32U595QJI6, STM32U595QJI6Q, STM32U595RIT6, STM32U595RIT6Q, STM32U595RJT6, STM32U595RJT6Q, STM32U595VIT6, STM32U595VIT6Q, STM32U595VJT6, STM32U595VJT6Q, STM32U595ZIT6, STM32U595ZIT6Q, STM32U595ZIY6QTR, STM32U595ZJT6, STM32U595ZJT6Q, STM32U595ZJY6QTR, STM32U599BJY6QTR, STM32U599NIH6Q, STM32U599NJH6Q, STM32U599VIT6Q, STM32U599VJT6, STM32U599VJT6Q, STM32U599ZIT6Q, STM32U599ZIY6QTR, STM32U599ZJT6Q, STM32U599ZJY6QTR, STM32U5A5AJH6, STM32U5A5AJH6Q, STM32U5A5QII3Q , STM32U5A5QJI6, STM32U5A5QJI6Q, STM32U5A5RJT6, STM32U5A5RJT6Q, STM32U5A5VJT6, STM32U5A5VJT6Q, STM32U5A5ZJT6, STM32U5A5ZJT6Q, STM32U5A5ZJY6QTR, STM32U5A9BJY6QTR, STM32U5A9J-DK, STM32U5A9NJH6Q, STM32U5A9VJT6Q, STM32U5A9ZJT6Q, STM32U5A9ZJY6QTR, STM32U5F7VIT6, STM32U5F7VIT6Q, STM32U5F7VJT6, STM32U5F7VJT6Q, STM32U5F9BJY6QTR, STM32U5F9NJH6Q, STM32U5F9VIT6Q, STM32U5F9VJT6Q, STM32U5F9ZIJ6QTR, STM32U5F9ZIT6Q, STM32U5F9ZJJ6QTR, STM32U5F9ZJT6Q, STM32U5G7VJT6, STM32U5G7VJT6Q, STM32U5G9BJY6QTR, STM32U5G9J-DK1, STM32U5G9J-DK2, STM32U5G9NJH6Q, STM32U5G9VJT6Q, STM32U5G9ZJJ6QTR, STM32U5G9ZJT6Q, STM32WB05KZV6TR, STM32WB05KZV7TR, STM32WB05TZF6TR, STM32WB05TZF7TR, STM32WB06CCF6TR, STM32WB06CCF7TR, STM32WB06CCV6TR, STM32WB06CCV7TR, STM32WB06KCV6TR, STM32WB06KCV7TR, STM32WB07CCF6TR, STM32WB07CCF7TR, STM32WB07CCV6TR, STM32WB07CCV7TR, STM32WB07KCV6TR, STM32WB07KCV7TR, STM32WB09KEV6TR, STM32WB09KEV7TR, STM32WB09TEF6TR, STM32WB09TEF7TR, STM32WB1MMCH6, STM32WBA50KGU6, STM32WBA50KGU6TR, STM32WBA52CEU6, STM32WBA52CEU6TR, STM32WBA52CEU7, STM32WBA52CEU7TR, STM32WBA52CGU6, STM32WBA52CGU6TR, STM32WBA52CGU6U, STM32WBA52CGU7, STM32WBA52CGU7TR, STM32WBA52KEU6, STM32WBA52KEU6TR, STM32WBA52KGU6, STM32WBA52KGU6TR, STM32WBA54CEU6, STM32WBA54CEU6TR, STM32WBA54CEU7, STM32WBA54CEU7TR, STM32WBA54CGU6, STM32WBA54CGU6TR, STM32WBA54CGU7, STM32WBA54CGU7TR, STM32WBA54KEU6, STM32WBA54KEU6TR, STM32WBA54KEU7, STM32WBA54KEU7TR, STM32WBA54KGU6, STM32WBA54KGU6TR, STM32WBA54KGU7, STM32WBA54KGU7TR, STM32WBA55CEU6, STM32WBA55CEU6TR, STM32WBA55CEU7, STM32WBA55CEU7TR, STM32WBA55CGU6, STM32WBA55CGU6TR, STM32WBA55CGU6U, STM32WBA55CGU7, STM32WBA55CGU7TR, STM32WBA55G-DK1, STM32WBA55HEF6, STM32WBA55HEF7, STM32WBA55HGF6, STM32WBA55HGF7, STM32WBA55UEI6, STM32WBA55UEI6TR, STM32WBA55UEI7, STM32WBA55UEI7TR, STM32WBA55UGI6, STM32WBA55UGI6TR, STM32WBA55UGI7, STM32WBA55UGI7TR, STM32WBA5MMGH6TR, STM32WBA62MGF6, STM32WBA62MIF6, STM32WBA65MGF7, STM32WBA65MIF6, STM32WBA65MIF7, STM32WL30K8V6, STM32WL30KBV6, STM32WL31C8V6, STM32WL31CBV6, STM32WL31K8V6, STM32WL31KBV6, STM32WL33C8V6, STM32WL33C8V6X, STM32WL33CBV6, STM32WL33CBV6X, STM32WL33CCV6, STM32WL33CCV6A, STM32WL33CCV6X, STM32WL33K8V7, STM32WL33K8V7X, STM32WL33KBV7 , STM32WL33KBV7X, STM32WL33KCV7, STM32WL33KCV7X, STM32WL5MOCH6, STM32WL5MOCH6TR]
2025-07-18 15:03:46,426 [INFO] BoardInfo:889 - No configuration file found for board P-NUCLEO-WB55
2025-07-18 15:03:46,427 [INFO] DbBoards:161 - Kit is not supported: P-NUCLEO-WB55
2025-07-18 15:03:46,429 [INFO] BoardInfo:889 - No configuration file found for board STEVAL-BFA001V1B
2025-07-18 15:03:46,429 [INFO] DbBoards:161 - Kit is not supported: STEVAL-BFA001V1B
2025-07-18 15:03:46,430 [INFO] BoardInfo:889 - No configuration file found for board STEVAL-BFA001V2B
2025-07-18 15:03:46,430 [INFO] DbBoards:161 - Kit is not supported: STEVAL-BFA001V2B
2025-07-18 15:03:46,489 [INFO] DbBoards:168 - Found 212 boards, 209 are supported
2025-07-18 15:03:46,490 [INFO] DbBoards:169 - Found 212 boards, 43 of them is supported for  Bsp
2025-07-18 15:03:46,491 [INFO] ApiDb:414 - User favorites file not found: C:\Users\10477/.stm32cubeide/favorites.boards.txt
2025-07-18 15:03:46,491 [INFO] DbBoards:198 - Set 0 / 0 favorites Boards
2025-07-18 15:03:46,493 [INFO] ApiDb:668 - CubeFinder database Data Model version=2.1
2025-07-18 15:03:46,493 [INFO] ApiDb:669 - CubeFinder database Configuration version=3.0.39
2025-07-18 15:03:46,493 [INFO] ApiDb:670 - CubeFinder database generation date=2025-06-24 (1750757100)
2025-07-18 15:03:46,493 [INFO] ApiDb:671 - CubeFinder database FW Pack versions=[FP-ATR-ASTRA1_V2.0.0, FP-SNS-FLIGHT1_V5.1.0, FP-SNS-MOTENV1_V5.0.0, FP-SNS-MOTENVWB1_V1.4.0, FP-SNS-SMARTAG2_V1.2.0, FP-SNS-STBOX1_V2.0.0, STM32Cube_FW_C0_V1.4.0, STM32Cube_FW_F4_V1.28.2, STM32Cube_FW_F7_V1.17.3, STM32Cube_FW_G0_V1.6.2, STM32Cube_FW_G4_V1.6.1, STM32Cube_FW_H5_V1.5.0, STM32Cube_FW_H7RS_V1.2.0, STM32Cube_FW_H7_V1.12.1, STM32Cube_FW_L0_V1.12.2, STM32Cube_FW_L4_V1.18.1, STM32Cube_FW_L5_V1.5.1, STM32Cube_FW_N6_V1.2.0, STM32Cube_FW_U0_V1.3.0, STM32Cube_FW_U3_V1.2.0, STM32Cube_FW_U5_V1.8.0, STM32Cube_FW_WB0_V1.3.0, STM32Cube_FW_WBA_V1.7.0, STM32Cube_FW_WB_V1.23.0, STM32Cube_FW_WL3_V1.2.0, STM32Cube_FW_WL_V1.3.1, X-CUBE-ALGOBUILD_V1.4.0, X-CUBE-ALS_V1.0.2, X-CUBE-AZRTOS-F4_V1.1.0, X-CUBE-AZRTOS-F7_V1.1.0, X-CUBE-AZRTOS-G0_V1.1.0, X-CUBE-AZRTOS-G4_V2.0.0, X-CUBE-AZRTOS-H7RS_V1.1.0, X-CUBE-AZRTOS-H7_V3.3.0, X-CUBE-AZRTOS-L4_V2.0.0, X-CUBE-AZRTOS-L5_V2.0.0, X-CUBE-AZRTOS-WB_V2.0.0, X-CUBE-AZRTOS-WL_V2.0.0, X-CUBE-BLE1_V7.1.0, X-CUBE-BLE2_V3.3.0, X-CUBE-BLEMGR_V4.0.0, X-CUBE-EEPRMA1_V5.1.0, X-CUBE-FREERTOS_V1.3.1, X-CUBE-GNSS1_V6.0.0, X-CUBE-MEMS1_V11.3.0, X-CUBE-NFC4_V3.0.0, X-CUBE-NFC7_V2.0.0, X-CUBE-SFXS2LP1_V4.0.0, X-CUBE-SUBG2_V5.0.0, X-CUBE-TOF1_V3.4.3]
2025-07-18 15:03:46,854 [ERROR] DbExamplesSqlite:437 - Missing JSON key: board_cpn
2025-07-18 15:03:46,854 [ERROR] DbExamplesSqlite:437 - Missing JSON key: board_cpn
2025-07-18 15:03:46,854 [ERROR] DbExamplesSqlite:437 - Missing JSON key: board_cpn
2025-07-18 15:03:46,854 [ERROR] DbExamplesSqlite:437 - Missing JSON key: board_cpn
2025-07-18 15:03:46,922 [ERROR] DbExamplesSqlite:437 - Missing JSON key: board_cpn
2025-07-18 15:03:46,922 [ERROR] DbExamplesSqlite:437 - Missing JSON key: board_cpn
2025-07-18 15:03:46,922 [ERROR] DbExamplesSqlite:437 - Missing JSON key: board_cpn
2025-07-18 15:03:46,922 [ERROR] DbExamplesSqlite:437 - Missing JSON key: board_cpn
2025-07-18 15:03:46,922 [ERROR] DbExamplesSqlite:437 - Missing JSON key: board_cpn
2025-07-18 15:03:46,922 [ERROR] DbExamplesSqlite:437 - Missing JSON key: board_cpn
2025-07-18 15:03:46,924 [ERROR] DbExamplesSqlite:437 - Missing JSON key: board_cpn
2025-07-18 15:03:46,924 [ERROR] DbExamplesSqlite:437 - Missing JSON key: board_cpn
2025-07-18 15:03:46,924 [ERROR] DbExamplesSqlite:437 - Missing JSON key: board_cpn
2025-07-18 15:03:47,002 [ERROR] DbExamplesSqlite:437 - Missing JSON key: board_cpn
2025-07-18 15:03:47,017 [INFO] DbExamplesSqlite:395 - Ignored 33 examples not supported by CubeIDE
2025-07-18 15:03:47,017 [INFO] DbExamplesSqlite:396 - Found 10854 examples active
2025-07-18 15:03:47,017 [INFO] DbExamplesSqlite:397 - Found 0 examples obsolete
2025-07-18 15:03:47,017 [INFO] DbExamplesSqlite:398 - Found 0 examples under development
2025-07-18 15:03:47,017 [INFO] DbExamplesSqlite:399 - Found 65 examples not building
2025-07-18 15:03:47,019 [INFO] DbExamples:125 - Found 10886 examples
2025-07-18 15:03:47,030 [INFO] DbExamples:222 - Found 133 boards with related examples
2025-07-18 15:03:47,030 [INFO] DbExamples:235 - Found 110 MCUs with related examples
2025-07-18 15:03:47,051 [INFO] ApiDb:414 - User favorites file not found: C:\Users\10477/.stm32cubeide/favorites.examples.txt
2025-07-18 15:03:47,051 [INFO] DbExamples:250 - Set 0 / 0 favorites Examples
2025-07-18 15:03:47,296 [INFO] McuFinderGlobals:76 - Set McuFinderConnectedMode to true
2025-07-18 15:03:47,305 [INFO] MultiScanPanel:200 - Auto-refresh data requested => check proxy status ongoing
2025-07-18 15:03:47,309 [INFO] FinderPluginLoader:96 - Searching for filters in installed packs
2025-07-18 15:03:48,448 [INFO] LoadUrlFilesThread:185 - End of LoadServerUrlFiles without Thread
2025-07-18 15:03:48,525 [INFO] DetailPanel:341 - Set advertising image to C:/Users/10477/STM32Cube/Repository/\en.2400x1350px.jpeg
2025-07-18 15:08:00,289 [INFO] McuFinderGlobals:76 - Set McuFinderConnectedMode to true
2025-07-18 15:08:00,643 [INFO] ApiDb:448 - Save user favorites file C:\Users\10477/.stm32cubeide/favorites.mcus.txt: 0 item(s)
2025-07-18 15:08:00,643 [INFO] ApiDb:452 - User favorites MCUs=[]
2025-07-18 15:08:08,914 [ERROR] LogOutputStream:75 - [STDERR_REDIRECT] 
